#
# There is insufficient memory for the Java Runtime Environment to continue.
# Native memory allocation (malloc) failed to allocate 1761952 bytes for Chunk::new
# Possible reasons:
#   The system is out of physical RAM or swap space
#   The process is running with CompressedOops enabled, and the Java Heap may be blocking the growth of the native heap
# Possible solutions:
#   Reduce memory load on the system
#   Increase physical memory or swap space
#   Check if swap backing store is full
#   Decrease Java heap size (-Xmx/-Xms)
#   Decrease number of Java threads
#   Decrease Java thread stack sizes (-Xss)
#   Set larger code cache with -XX:ReservedCodeCacheSize=
#   JVM is running with Unscaled Compressed Oops mode in which the Java heap is
#     placed in the first 4GB address space. The Java Heap base address is the
#     maximum limit for the native heap growth. Please use -XX:HeapBaseMinAddress
#     to set the Java Heap base and to place the Java Heap above 4GB virtual address.
# This output file may be truncated or incomplete.
#
#  Out of Memory Error (arena.cpp:189), pid=1708, tid=6316
#
# JRE version: Java(TM) SE Runtime Environment (17.0.8+9) (build 17.0.8+9-LTS-211)
# Java VM: Java HotSpot(TM) 64-Bit Server VM (17.0.8+9-LTS-211, mixed mode, sharing, tiered, compressed oops, compressed class ptrs, g1 gc, windows-amd64)
# No core dump will be written. Minidumps are not enabled by default on client versions of Windows
#

---------------  S U M M A R Y ------------

Command Line: -javaagent:C:\Program Files\JetBrains\IntelliJ IDEA 2022.1\lib\idea_rt.jar=50482:C:\Program Files\JetBrains\IntelliJ IDEA 2022.1\bin -Dfile.encoding=UTF-8 Main

Host: Intel(R) Core(TM) i7-4510U CPU @ 2.00GHz, 4 cores, 3G,  Windows 10 , 64 bit Build 19041 (10.0.19041.2913)
Time: Thu Jan  4 17:49:53 2024 Paris, Madrid elapsed time: 36.935939 seconds (0d 0h 0m 36s)

---------------  T H R E A D  ---------------

Current thread (0x000002ce4a9a8d70):  JavaThread "C2 CompilerThread0" daemon [_thread_in_native, id=6316, stack(0x000000d5d2300000,0x000000d5d2400000)]


Current CompileTask:
C2:  36936 1519   !   4       sun.awt.PostEventQueue::flush (168 bytes)

Stack: [0x000000d5d2300000,0x000000d5d2400000]
Native frames: (J=compiled Java code, j=interpreted, Vv=VM code, C=native code)
V  [jvm.dll+0x677d0a]
V  [jvm.dll+0x7d8c54]
V  [jvm.dll+0x7da3fe]
V  [jvm.dll+0x7daa63]
V  [jvm.dll+0x245c5f]
V  [jvm.dll+0xaaa6b]
V  [jvm.dll+0xab00c]
V  [jvm.dll+0x361e8e]
V  [jvm.dll+0x32c551]
V  [jvm.dll+0x32b9ea]
V  [jvm.dll+0x217fff]
V  [jvm.dll+0x217431]
V  [jvm.dll+0x1a3af0]
V  [jvm.dll+0x2270be]
V  [jvm.dll+0x22535b]
V  [jvm.dll+0x78e7bc]
V  [jvm.dll+0x788bba]
V  [jvm.dll+0x676b35]
C  [ucrtbase.dll+0x21bb2]
C  [KERNEL32.DLL+0x17614]
C  [ntdll.dll+0x526a1]


---------------  P R O C E S S  ---------------

Threads class SMR info:
_java_thread_list=0x000002ce902aa8f0, length=18, elements={
0x000002ce2db0e200, 0x000002ce2db0f720, 0x000002ce2db1c680, 0x000002ce2db1e150,
0x000002ce2db1ea10, 0x000002ce4a9a2720, 0x000002ce4a9a8d70, 0x000002ce4a9a9670,
0x000002ce4a9beaa0, 0x000002ce2daf99d0, 0x000002ce4aba7570, 0x000002ce4aba7a40,
0x000002ce9017bf90, 0x000002ce9017c8e0, 0x000002ce9016c130, 0x000002ce901f86a0,
0x000002ce2da636c0, 0x000002ce902dd220
}

Java Threads: ( => current thread )
  0x000002ce2db0e200 JavaThread "Reference Handler" daemon [_thread_blocked, id=9024, stack(0x000000d5d1d00000,0x000000d5d1e00000)]
  0x000002ce2db0f720 JavaThread "Finalizer" daemon [_thread_blocked, id=7268, stack(0x000000d5d1e00000,0x000000d5d1f00000)]
  0x000002ce2db1c680 JavaThread "Signal Dispatcher" daemon [_thread_blocked, id=6284, stack(0x000000d5d1f00000,0x000000d5d2000000)]
  0x000002ce2db1e150 JavaThread "Attach Listener" daemon [_thread_blocked, id=7896, stack(0x000000d5d2000000,0x000000d5d2100000)]
  0x000002ce2db1ea10 JavaThread "Service Thread" daemon [_thread_blocked, id=5488, stack(0x000000d5d2100000,0x000000d5d2200000)]
  0x000002ce4a9a2720 JavaThread "Monitor Deflation Thread" daemon [_thread_blocked, id=8500, stack(0x000000d5d2200000,0x000000d5d2300000)]
=>0x000002ce4a9a8d70 JavaThread "C2 CompilerThread0" daemon [_thread_in_native, id=6316, stack(0x000000d5d2300000,0x000000d5d2400000)]
  0x000002ce4a9a9670 JavaThread "C1 CompilerThread0" daemon [_thread_blocked, id=4104, stack(0x000000d5d2400000,0x000000d5d2500000)]
  0x000002ce4a9beaa0 JavaThread "Sweeper thread" daemon [_thread_blocked, id=7068, stack(0x000000d5d2500000,0x000000d5d2600000)]
  0x000002ce2daf99d0 JavaThread "Common-Cleaner" daemon [_thread_blocked, id=1724, stack(0x000000d5d2600000,0x000000d5d2700000)]
  0x000002ce4aba7570 JavaThread "Monitor Ctrl-Break" daemon [_thread_in_native, id=6868, stack(0x000000d5d2700000,0x000000d5d2800000)]
  0x000002ce4aba7a40 JavaThread "Notification Thread" daemon [_thread_blocked, id=8200, stack(0x000000d5d2800000,0x000000d5d2900000)]
  0x000002ce9017bf90 JavaThread "Java2D Disposer" daemon [_thread_blocked, id=4100, stack(0x000000d5d2a00000,0x000000d5d2b00000)]
  0x000002ce9017c8e0 JavaThread "AWT-Shutdown" [_thread_blocked, id=3840, stack(0x000000d5d2b00000,0x000000d5d2c00000)]
  0x000002ce9016c130 JavaThread "AWT-Windows" daemon [_thread_in_native, id=1636, stack(0x000000d5d2c00000,0x000000d5d2d00000)]
  0x000002ce901f86a0 JavaThread "AWT-EventQueue-0" [_thread_blocked, id=8680, stack(0x000000d5d2d00000,0x000000d5d2e00000)]
  0x000002ce2da636c0 JavaThread "DestroyJavaVM" [_thread_blocked, id=8256, stack(0x000000d5d1600000,0x000000d5d1700000)]
  0x000002ce902dd220 JavaThread "TimerQueue" daemon [_thread_blocked, id=8860, stack(0x000000d5d2e00000,0x000000d5d2f00000)]

Other Threads:
  0x000002ce2db08f40 VMThread "VM Thread" [stack: 0x000000d5d1c00000,0x000000d5d1d00000] [id=7288]
  0x000002ce2daacfc0 WatcherThread [stack: 0x000000d5d2900000,0x000000d5d2a00000] [id=5368]
  0x000002ce2da9cc70 GCTaskThread "GC Thread#0" [stack: 0x000000d5d1700000,0x000000d5d1800000] [id=7572]
  0x000002ce2daa5950 ConcurrentGCThread "G1 Main Marker" [stack: 0x000000d5d1800000,0x000000d5d1900000] [id=4560]
  0x000002ce2daa6a10 ConcurrentGCThread "G1 Conc#0" [stack: 0x000000d5d1900000,0x000000d5d1a00000] [id=5660]
  0x000002ce2dae4690 ConcurrentGCThread "G1 Refine#0" [stack: 0x000000d5d1a00000,0x000000d5d1b00000] [id=8416]
  0x000002ce2dae4fd0 ConcurrentGCThread "G1 Service" [stack: 0x000000d5d1b00000,0x000000d5d1c00000] [id=6152]

Threads with active compile tasks:
C2 CompilerThread0    37099 1519   !   4       sun.awt.PostEventQueue::flush (168 bytes)

VM state: not at safepoint (normal execution)

VM Mutex/Monitor currently owned by a thread: None

Heap address: 0x00000000c8c00000, size: 884 MB, Compressed Oops mode: 32-bit

CDS archive(s) mapped at: [0x000002ce4b000000-0x000002ce4bbd0000-0x000002ce4bbd0000), size 12386304, SharedBaseAddress: 0x000002ce4b000000, ArchiveRelocationMode: 1.
Compressed class space mapped at: 0x000002ce4c000000-0x000002ce8c000000, reserved size: 1073741824
Narrow klass base: 0x000002ce4b000000, Narrow klass shift: 0, Narrow klass range: 0x100000000

GC Precious Log:
 CPUs: 4 total, 4 available
 Memory: 3531M
 Large Page Support: Disabled
 NUMA Support: Disabled
 Compressed Oops: Enabled (32-bit)
 Heap Region Size: 1M
 Heap Min Capacity: 8M
 Heap Initial Capacity: 56M
 Heap Max Capacity: 884M
 Pre-touch: Disabled
 Parallel Workers: 4
 Concurrent Workers: 1
 Concurrent Refinement Workers: 4
 Periodic GC: Disabled

Heap:
 garbage-first heap   total 57344K, used 11264K [0x00000000c8c00000, 0x0000000100000000)
  region size 1024K, 10 young (10240K), 0 survivors (0K)
 Metaspace       used 10061K, committed 10304K, reserved 1114112K
  class space    used 1168K, committed 1280K, reserved 1048576K

Heap Regions: E=young(eden), S=young(survivor), O=old, HS=humongous(starts), HC=humongous(continues), CS=collection set, F=free, OA=open archive, CA=closed archive, TAMS=top-at-mark-start (previous, next)
|   0|0x00000000c8c00000, 0x00000000c8d00000, 0x00000000c8d00000|100%|HS|  |TAMS 0x00000000c8c00000, 0x00000000c8c00000| Complete 
|   1|0x00000000c8d00000, 0x00000000c8e00000, 0x00000000c8e00000|100%|HS|  |TAMS 0x00000000c8d00000, 0x00000000c8d00000| Complete 
|   2|0x00000000c8e00000, 0x00000000c8e00000, 0x00000000c8f00000|  0%| F|  |TAMS 0x00000000c8e00000, 0x00000000c8e00000| Untracked 
|   3|0x00000000c8f00000, 0x00000000c8f00000, 0x00000000c9000000|  0%| F|  |TAMS 0x00000000c8f00000, 0x00000000c8f00000| Untracked 
|   4|0x00000000c9000000, 0x00000000c9000000, 0x00000000c9100000|  0%| F|  |TAMS 0x00000000c9000000, 0x00000000c9000000| Untracked 
|   5|0x00000000c9100000, 0x00000000c9100000, 0x00000000c9200000|  0%| F|  |TAMS 0x00000000c9100000, 0x00000000c9100000| Untracked 
|   6|0x00000000c9200000, 0x00000000c9200000, 0x00000000c9300000|  0%| F|  |TAMS 0x00000000c9200000, 0x00000000c9200000| Untracked 
|   7|0x00000000c9300000, 0x00000000c9300000, 0x00000000c9400000|  0%| F|  |TAMS 0x00000000c9300000, 0x00000000c9300000| Untracked 
|   8|0x00000000c9400000, 0x00000000c9400000, 0x00000000c9500000|  0%| F|  |TAMS 0x00000000c9400000, 0x00000000c9400000| Untracked 
|   9|0x00000000c9500000, 0x00000000c9500000, 0x00000000c9600000|  0%| F|  |TAMS 0x00000000c9500000, 0x00000000c9500000| Untracked 
|  10|0x00000000c9600000, 0x00000000c9600000, 0x00000000c9700000|  0%| F|  |TAMS 0x00000000c9600000, 0x00000000c9600000| Untracked 
|  11|0x00000000c9700000, 0x00000000c9700000, 0x00000000c9800000|  0%| F|  |TAMS 0x00000000c9700000, 0x00000000c9700000| Untracked 
|  12|0x00000000c9800000, 0x00000000c9800000, 0x00000000c9900000|  0%| F|  |TAMS 0x00000000c9800000, 0x00000000c9800000| Untracked 
|  13|0x00000000c9900000, 0x00000000c9900000, 0x00000000c9a00000|  0%| F|  |TAMS 0x00000000c9900000, 0x00000000c9900000| Untracked 
|  14|0x00000000c9a00000, 0x00000000c9a00000, 0x00000000c9b00000|  0%| F|  |TAMS 0x00000000c9a00000, 0x00000000c9a00000| Untracked 
|  15|0x00000000c9b00000, 0x00000000c9b00000, 0x00000000c9c00000|  0%| F|  |TAMS 0x00000000c9b00000, 0x00000000c9b00000| Untracked 
|  16|0x00000000c9c00000, 0x00000000c9c00000, 0x00000000c9d00000|  0%| F|  |TAMS 0x00000000c9c00000, 0x00000000c9c00000| Untracked 
|  17|0x00000000c9d00000, 0x00000000c9d00000, 0x00000000c9e00000|  0%| F|  |TAMS 0x00000000c9d00000, 0x00000000c9d00000| Untracked 
|  18|0x00000000c9e00000, 0x00000000c9e00000, 0x00000000c9f00000|  0%| F|  |TAMS 0x00000000c9e00000, 0x00000000c9e00000| Untracked 
|  19|0x00000000c9f00000, 0x00000000c9f00000, 0x00000000ca000000|  0%| F|  |TAMS 0x00000000c9f00000, 0x00000000c9f00000| Untracked 
|  20|0x00000000ca000000, 0x00000000ca000000, 0x00000000ca100000|  0%| F|  |TAMS 0x00000000ca000000, 0x00000000ca000000| Untracked 
|  21|0x00000000ca100000, 0x00000000ca100000, 0x00000000ca200000|  0%| F|  |TAMS 0x00000000ca100000, 0x00000000ca100000| Untracked 
|  22|0x00000000ca200000, 0x00000000ca200000, 0x00000000ca300000|  0%| F|  |TAMS 0x00000000ca200000, 0x00000000ca200000| Untracked 
|  23|0x00000000ca300000, 0x00000000ca300000, 0x00000000ca400000|  0%| F|  |TAMS 0x00000000ca300000, 0x00000000ca300000| Untracked 
|  24|0x00000000ca400000, 0x00000000ca400000, 0x00000000ca500000|  0%| F|  |TAMS 0x00000000ca400000, 0x00000000ca400000| Untracked 
|  25|0x00000000ca500000, 0x00000000ca500000, 0x00000000ca600000|  0%| F|  |TAMS 0x00000000ca500000, 0x00000000ca500000| Untracked 
|  26|0x00000000ca600000, 0x00000000ca600000, 0x00000000ca700000|  0%| F|  |TAMS 0x00000000ca600000, 0x00000000ca600000| Untracked 
|  27|0x00000000ca700000, 0x00000000ca700000, 0x00000000ca800000|  0%| F|  |TAMS 0x00000000ca700000, 0x00000000ca700000| Untracked 
|  28|0x00000000ca800000, 0x00000000ca800000, 0x00000000ca900000|  0%| F|  |TAMS 0x00000000ca800000, 0x00000000ca800000| Untracked 
|  29|0x00000000ca900000, 0x00000000ca900000, 0x00000000caa00000|  0%| F|  |TAMS 0x00000000ca900000, 0x00000000ca900000| Untracked 
|  30|0x00000000caa00000, 0x00000000caa00000, 0x00000000cab00000|  0%| F|  |TAMS 0x00000000caa00000, 0x00000000caa00000| Untracked 
|  31|0x00000000cab00000, 0x00000000cab00000, 0x00000000cac00000|  0%| F|  |TAMS 0x00000000cab00000, 0x00000000cab00000| Untracked 
|  32|0x00000000cac00000, 0x00000000cac00000, 0x00000000cad00000|  0%| F|  |TAMS 0x00000000cac00000, 0x00000000cac00000| Untracked 
|  33|0x00000000cad00000, 0x00000000cad00000, 0x00000000cae00000|  0%| F|  |TAMS 0x00000000cad00000, 0x00000000cad00000| Untracked 
|  34|0x00000000cae00000, 0x00000000cae00000, 0x00000000caf00000|  0%| F|  |TAMS 0x00000000cae00000, 0x00000000cae00000| Untracked 
|  35|0x00000000caf00000, 0x00000000caf00000, 0x00000000cb000000|  0%| F|  |TAMS 0x00000000caf00000, 0x00000000caf00000| Untracked 
|  36|0x00000000cb000000, 0x00000000cb000000, 0x00000000cb100000|  0%| F|  |TAMS 0x00000000cb000000, 0x00000000cb000000| Untracked 
|  37|0x00000000cb100000, 0x00000000cb100000, 0x00000000cb200000|  0%| F|  |TAMS 0x00000000cb100000, 0x00000000cb100000| Untracked 
|  38|0x00000000cb200000, 0x00000000cb200000, 0x00000000cb300000|  0%| F|  |TAMS 0x00000000cb200000, 0x00000000cb200000| Untracked 
|  39|0x00000000cb300000, 0x00000000cb300000, 0x00000000cb400000|  0%| F|  |TAMS 0x00000000cb300000, 0x00000000cb300000| Untracked 
|  40|0x00000000cb400000, 0x00000000cb400000, 0x00000000cb500000|  0%| F|  |TAMS 0x00000000cb400000, 0x00000000cb400000| Untracked 
|  41|0x00000000cb500000, 0x00000000cb500000, 0x00000000cb600000|  0%| F|  |TAMS 0x00000000cb500000, 0x00000000cb500000| Untracked 
|  42|0x00000000cb600000, 0x00000000cb600000, 0x00000000cb700000|  0%| F|  |TAMS 0x00000000cb600000, 0x00000000cb600000| Untracked 
|  43|0x00000000cb700000, 0x00000000cb700000, 0x00000000cb800000|  0%| F|  |TAMS 0x00000000cb700000, 0x00000000cb700000| Untracked 
|  44|0x00000000cb800000, 0x00000000cb800000, 0x00000000cb900000|  0%| F|  |TAMS 0x00000000cb800000, 0x00000000cb800000| Untracked 
|  45|0x00000000cb900000, 0x00000000cb900000, 0x00000000cba00000|  0%| F|  |TAMS 0x00000000cb900000, 0x00000000cb900000| Untracked 
|  46|0x00000000cba00000, 0x00000000cba43118, 0x00000000cbb00000| 26%| E|  |TAMS 0x00000000cba00000, 0x00000000cba00000| Complete 
|  47|0x00000000cbb00000, 0x00000000cbc00000, 0x00000000cbc00000|100%| E|CS|TAMS 0x00000000cbb00000, 0x00000000cbb00000| Complete 
|  48|0x00000000cbc00000, 0x00000000cbd00000, 0x00000000cbd00000|100%| E|CS|TAMS 0x00000000cbc00000, 0x00000000cbc00000| Complete 
|  49|0x00000000cbd00000, 0x00000000cbe00000, 0x00000000cbe00000|100%| E|CS|TAMS 0x00000000cbd00000, 0x00000000cbd00000| Complete 
|  50|0x00000000cbe00000, 0x00000000cbf00000, 0x00000000cbf00000|100%| E|CS|TAMS 0x00000000cbe00000, 0x00000000cbe00000| Complete 
|  51|0x00000000cbf00000, 0x00000000cc000000, 0x00000000cc000000|100%| E|CS|TAMS 0x00000000cbf00000, 0x00000000cbf00000| Complete 
|  52|0x00000000cc000000, 0x00000000cc100000, 0x00000000cc100000|100%| E|CS|TAMS 0x00000000cc000000, 0x00000000cc000000| Complete 
|  53|0x00000000cc100000, 0x00000000cc200000, 0x00000000cc200000|100%| E|CS|TAMS 0x00000000cc100000, 0x00000000cc100000| Complete 
|  54|0x00000000cc200000, 0x00000000cc300000, 0x00000000cc300000|100%| E|CS|TAMS 0x00000000cc200000, 0x00000000cc200000| Complete 
|  55|0x00000000cc300000, 0x00000000cc400000, 0x00000000cc400000|100%| E|CS|TAMS 0x00000000cc300000, 0x00000000cc300000| Complete 

Card table byte_map: [0x000002ce465a0000,0x000002ce46760000] _byte_map_base: 0x000002ce45f5a000

Marking Bits (Prev, Next): (CMBitMap*) 0x000002ce2da9e1a0, (CMBitMap*) 0x000002ce2da9e1e0
 Prev Bits: [0x000002ce46920000, 0x000002ce476f0000)
 Next Bits: [0x000002ce476f0000, 0x000002ce484c0000)

Polling page: 0x000002ce2da10000

Metaspace:

Usage:
  Non-class:      8.68 MB used.
      Class:      1.14 MB used.
       Both:      9.83 MB used.

Virtual space:
  Non-class space:       64.00 MB reserved,       8.81 MB ( 14%) committed,  1 nodes.
      Class space:        1.00 GB reserved,       1.25 MB ( <1%) committed,  1 nodes.
             Both:        1.06 GB reserved,      10.06 MB ( <1%) committed. 

Chunk freelists:
   Non-Class:  6.97 MB
       Class:  14.72 MB
        Both:  21.69 MB

MaxMetaspaceSize: unlimited
CompressedClassSpaceSize: 1.00 GB
Initial GC threshold: 21.00 MB
Current GC threshold: 21.00 MB
CDS: on
MetaspaceReclaimPolicy: balanced
 - commit_granule_bytes: 65536.
 - commit_granule_words: 8192.
 - virtual_space_node_default_size: 8388608.
 - enlarge_chunks_in_place: 1.
 - new_chunks_are_fully_committed: 0.
 - uncommit_free_chunks: 1.
 - use_allocation_guard: 0.
 - handle_deallocations: 1.


Internal statistics:

num_allocs_failed_limit: 0.
num_arena_births: 120.
num_arena_deaths: 0.
num_vsnodes_births: 2.
num_vsnodes_deaths: 0.
num_space_committed: 161.
num_space_uncommitted: 0.
num_chunks_returned_to_freelist: 0.
num_chunks_taken_from_freelist: 187.
num_chunk_merges: 0.
num_chunk_splits: 99.
num_chunks_enlarged: 35.
num_purges: 0.
num_inconsistent_stats: 0.

CodeHeap 'non-profiled nmethods': size=120000Kb used=400Kb max_used=400Kb free=119600Kb
 bounds [0x000002ce3e870000, 0x000002ce3eae0000, 0x000002ce45da0000]
CodeHeap 'profiled nmethods': size=120000Kb used=2591Kb max_used=2591Kb free=117409Kb
 bounds [0x000002ce36da0000, 0x000002ce37030000, 0x000002ce3e2d0000]
CodeHeap 'non-nmethods': size=5760Kb used=1294Kb max_used=1310Kb free=4465Kb
 bounds [0x000002ce3e2d0000, 0x000002ce3e540000, 0x000002ce3e870000]
 total_blobs=2144 nmethods=1518 adapters=538
 compilation: enabled
              stopped_count=0, restarted_count=0
 full_count=0

Compilation events (20 events):
Event: 34.129 Thread 0x000002ce4a9a9670 nmethod 1509 0x000002ce37023910 code [0x000002ce37023ac0, 0x000002ce37023cf8]
Event: 34.129 Thread 0x000002ce4a9a9670 1510       3       sun.java2d.SurfaceData::getSourceSurfaceData (110 bytes)
Event: 34.130 Thread 0x000002ce4a9a9670 nmethod 1510 0x000002ce37023d90 code [0x000002ce37023fa0, 0x000002ce37024a58]
Event: 34.206 Thread 0x000002ce4a9a8d70 1511   !   4       javax.swing.JComponent::getClientProperty (56 bytes)
Event: 34.207 Thread 0x000002ce4a9a9670 1512       3       java.awt.Container::hasHeavyweightDescendants (17 bytes)
Event: 34.207 Thread 0x000002ce4a9a9670 nmethod 1512 0x000002ce37024e10 code [0x000002ce37024fe0, 0x000002ce37025338]
Event: 34.207 Thread 0x000002ce4a9a9670 1513       3       java.util.WeakHashMap::indexFor (6 bytes)
Event: 34.207 Thread 0x000002ce4a9a9670 nmethod 1513 0x000002ce37025490 code [0x000002ce37025620, 0x000002ce37025718]
Event: 34.207 Thread 0x000002ce4a9a9670 1514       3       sun.swing.SwingUtilities2::isScaleChanged (16 bytes)
Event: 34.207 Thread 0x000002ce4a9a9670 nmethod 1514 0x000002ce37025790 code [0x000002ce37025940, 0x000002ce37025ae8]
Event: 34.212 Thread 0x000002ce4a9a8d70 nmethod 1511 0x000002ce3e8d3810 code [0x000002ce3e8d39a0, 0x000002ce3e8d3e38]
Event: 36.164 Thread 0x000002ce4a9a9670 1515       3       sun.awt.image.SunVolatileImage::validate (9 bytes)
Event: 36.164 Thread 0x000002ce4a9a9670 nmethod 1515 0x000002ce37025b90 code [0x000002ce37025d40, 0x000002ce37025f08]
Event: 36.164 Thread 0x000002ce4a9a9670 1517       3       sun.java2d.loops.CompositeType::equals (29 bytes)
Event: 36.164 Thread 0x000002ce4a9a9670 nmethod 1517 0x000002ce37026010 code [0x000002ce370261c0, 0x000002ce37026598]
Event: 36.164 Thread 0x000002ce4a9a9670 1516   !   3       sun.awt.image.VolatileSurfaceManager::validate (213 bytes)
Event: 36.165 Thread 0x000002ce4a9a9670 nmethod 1516 0x000002ce37026690 code [0x000002ce37026860, 0x000002ce37026db8]
Event: 36.401 Thread 0x000002ce4a9a9670 1518       3       java.awt.Container::createChildHierarchyEvents (76 bytes)
Event: 36.401 Thread 0x000002ce4a9a9670 nmethod 1518 0x000002ce37026f10 code [0x000002ce37027140, 0x000002ce37027978]
Event: 36.769 Thread 0x000002ce4a9a8d70 1519   !   4       sun.awt.PostEventQueue::flush (168 bytes)

GC Heap History (0 events):
No events

Deoptimization events (20 events):
Event: 4.091 Thread 0x000002ce901f86a0 DEOPT PACKING pc=0x000002ce3e8880a4 sp=0x000000d5d2dfe670
Event: 4.091 Thread 0x000002ce901f86a0 DEOPT UNPACKING pc=0x000002ce3e3223a3 sp=0x000000d5d2dfe618 mode 2
Event: 4.091 Thread 0x000002ce901f86a0 Uncommon trap: trap_request=0xffffffde fr.pc=0x000002ce3e8880a4 relative=0x00000000000001a4
Event: 4.091 Thread 0x000002ce901f86a0 Uncommon trap: reason=class_check action=maybe_recompile pc=0x000002ce3e8880a4 method=java.lang.String.equals(Ljava/lang/Object;)Z @ 8 c2
Event: 4.091 Thread 0x000002ce901f86a0 DEOPT PACKING pc=0x000002ce3e8880a4 sp=0x000000d5d2dfe5e0
Event: 4.091 Thread 0x000002ce901f86a0 DEOPT UNPACKING pc=0x000002ce3e3223a3 sp=0x000000d5d2dfe588 mode 2
Event: 4.210 Thread 0x000002ce901f86a0 Uncommon trap: trap_request=0xffffff45 fr.pc=0x000002ce3e89e47c relative=0x000000000000087c
Event: 4.210 Thread 0x000002ce901f86a0 Uncommon trap: reason=unstable_if action=reinterpret pc=0x000002ce3e89e47c method=java.util.HashMap.putVal(ILjava/lang/Object;Ljava/lang/Object;ZZ)Ljava/lang/Object; @ 181 c2
Event: 4.210 Thread 0x000002ce901f86a0 DEOPT PACKING pc=0x000002ce3e89e47c sp=0x000000d5d2dfd020
Event: 4.210 Thread 0x000002ce901f86a0 DEOPT UNPACKING pc=0x000002ce3e3223a3 sp=0x000000d5d2dfcf58 mode 2
Event: 7.825 Thread 0x000002ce901f86a0 Uncommon trap: trap_request=0xffffff45 fr.pc=0x000002ce3e8af01c relative=0x000000000000009c
Event: 7.825 Thread 0x000002ce901f86a0 Uncommon trap: reason=unstable_if action=reinterpret pc=0x000002ce3e8af01c method=java.awt.Component.inside(II)Z @ 1 c2
Event: 7.825 Thread 0x000002ce901f86a0 DEOPT PACKING pc=0x000002ce3e8af01c sp=0x000000d5d2dfe720
Event: 7.825 Thread 0x000002ce901f86a0 DEOPT UNPACKING pc=0x000002ce3e3223a3 sp=0x000000d5d2dfe5c0 mode 2
Event: 8.909 Thread 0x000002ce901f86a0 DEOPT PACKING pc=0x000002ce36dc8ed1 sp=0x000000d5d2dfd260
Event: 8.909 Thread 0x000002ce901f86a0 DEOPT UNPACKING pc=0x000002ce3e322b43 sp=0x000000d5d2dfc6d8 mode 0
Event: 11.782 Thread 0x000002ce901f86a0 Uncommon trap: trap_request=0xffffff45 fr.pc=0x000002ce3e87c5f4 relative=0x0000000000000894
Event: 11.782 Thread 0x000002ce901f86a0 Uncommon trap: reason=unstable_if action=reinterpret pc=0x000002ce3e87c5f4 method=java.util.HashMap.putVal(ILjava/lang/Object;Ljava/lang/Object;ZZ)Ljava/lang/Object; @ 181 c2
Event: 11.782 Thread 0x000002ce901f86a0 DEOPT PACKING pc=0x000002ce3e87c5f4 sp=0x000000d5d2dfe5b0
Event: 11.782 Thread 0x000002ce901f86a0 DEOPT UNPACKING pc=0x000002ce3e3223a3 sp=0x000000d5d2dfe560 mode 2

Classes unloaded (0 events):
No events

Classes redefined (0 events):
No events

Internal exceptions (14 events):
Event: 0.565 Thread 0x000002ce4aba7570 Exception <a 'java/lang/NoSuchMethodError'{0x00000000cc2ccaa0}: 'java.lang.Object java.lang.invoke.DirectMethodHandle$Holder.invokeStaticInit(java.lang.Object)'> (0x00000000cc2ccaa0) 
thrown [s\open\src\hotspot\share\interpreter\linkResolver.cpp, line 759]
Event: 0.636 Thread 0x000002ce4aba7570 Exception <a 'java/lang/NoSuchMethodError'{0x00000000cc2da7e0}: 'void java.lang.invoke.DirectMethodHandle$Holder.invokeStatic(java.lang.Object, java.lang.Object)'> (0x00000000cc2da7e0) 
thrown [s\open\src\hotspot\share\interpreter\linkResolver.cpp, line 759]
Event: 0.723 Thread 0x000002ce2da636c0 Exception <a 'java/lang/ClassNotFoundException'{0x00000000cc119458}: sun/awt/resources/spi/awtProvider> (0x00000000cc119458) 
thrown [s\open\src\hotspot\share\classfile\systemDictionary.cpp, line 256]
Event: 0.753 Thread 0x000002ce2da636c0 Exception <a 'java/io/FileNotFoundException'{0x00000000cc16b978}> (0x00000000cc16b978) 
thrown [s\open\src\hotspot\share\prims\jni.cpp, line 516]
Event: 0.763 Thread 0x000002ce2da636c0 Exception <a 'java/io/FileNotFoundException'{0x00000000cc198b58}> (0x00000000cc198b58) 
thrown [s\open\src\hotspot\share\prims\jni.cpp, line 516]
Event: 1.876 Thread 0x000002ce2da636c0 Exception <a 'java/lang/NoSuchMethodError'{0x00000000cc065a40}: 'void java.lang.invoke.DirectMethodHandle$Holder.invokeSpecial(java.lang.Object, java.lang.Object, java.lang.Object)'> (0x00000000cc065a40) 
thrown [s\open\src\hotspot\share\interpreter\linkResolver.cpp, line 759]
Event: 1.943 Thread 0x000002ce2da636c0 Exception <a 'java/lang/NoSuchMethodError'{0x00000000cc08ffc8}: 'java.lang.Object java.lang.invoke.DirectMethodHandle$Holder.newInvokeSpecial(java.lang.Object, java.lang.Object, java.lang.Object, java.lang.Object, java.lang.Object)'> (0x00000000cc08ffc8) 
thrown [s\open\src\hotspot\share\interpreter\linkResolver.cpp, line 759]
Event: 1.944 Thread 0x000002ce2da636c0 Exception <a 'java/lang/NoSuchMethodError'{0x00000000cc09b990}: 'java.lang.Object java.lang.invoke.DirectMethodHandle$Holder.invokeStatic(java.lang.Object, int, java.lang.Object, java.lang.Object, java.lang.Object, java.lang.Object)'> (0x00000000cc09b990) 
thrown [s\open\src\hotspot\share\interpreter\linkResolver.cpp, line 759]
Event: 1.964 Thread 0x000002ce2da636c0 Exception <a 'java/lang/NoSuchMethodError'{0x00000000cc0c1150}: 'java.lang.Object java.lang.invoke.DirectMethodHandle$Holder.invokeStatic(java.lang.Object, int, java.lang.Object)'> (0x00000000cc0c1150) 
thrown [s\open\src\hotspot\share\interpreter\linkResolver.cpp, line 759]
Event: 2.063 Thread 0x000002ce2da636c0 Exception <a 'java/lang/ClassNotFoundException'{0x00000000cbf79208}: com/sun/swing/internal/plaf/metal/resources/spi/metalProvider> (0x00000000cbf79208) 
thrown [s\open\src\hotspot\share\classfile\systemDictionary.cpp, line 256]
Event: 2.094 Thread 0x000002ce2da636c0 Exception <a 'java/lang/ClassNotFoundException'{0x00000000cbf7d060}: com/sun/swing/internal/plaf/basic/resources/spi/basicProvider> (0x00000000cbf7d060) 
thrown [s\open\src\hotspot\share\classfile\systemDictionary.cpp, line 256]
Event: 2.784 Thread 0x000002ce9016c130 Exception <a 'java/lang/NoSuchMethodError'{0x00000000cc00f780}: 'void java.lang.invoke.DirectMethodHandle$Holder.invokeVirtual(java.lang.Object, java.lang.Object)'> (0x00000000cc00f780) 
thrown [s\open\src\hotspot\share\interpreter\linkResolver.cpp, line 759]
Event: 3.106 Thread 0x000002ce2da636c0 Exception <a 'java/lang/NoSuchMethodError'{0x00000000cbe69ff0}: 'void java.lang.invoke.DirectMethodHandle$Holder.invokeStaticInit(java.lang.Object)'> (0x00000000cbe69ff0) 
thrown [s\open\src\hotspot\share\interpreter\linkResolver.cpp, line 759]
Event: 9.395 Thread 0x000002ce901f86a0 Exception <a 'java/lang/NoSuchMethodError'{0x00000000cbdd3b48}: 'void java.lang.invoke.DirectMethodHandle$Holder.invokeStatic(java.lang.Object, java.lang.Object, java.lang.Object)'> (0x00000000cbdd3b48) 
thrown [s\open\src\hotspot\share\interpreter\linkResolver.cpp, line 759]

VM Operations (20 events):
Event: 23.534 Executing VM operation: Cleanup
Event: 23.534 Executing VM operation: Cleanup done
Event: 24.550 Executing VM operation: Cleanup
Event: 24.550 Executing VM operation: Cleanup done
Event: 25.564 Executing VM operation: Cleanup
Event: 25.564 Executing VM operation: Cleanup done
Event: 26.572 Executing VM operation: Cleanup
Event: 26.572 Executing VM operation: Cleanup done
Event: 27.581 Executing VM operation: Cleanup
Event: 27.581 Executing VM operation: Cleanup done
Event: 29.595 Executing VM operation: Cleanup
Event: 29.595 Executing VM operation: Cleanup done
Event: 30.605 Executing VM operation: Cleanup
Event: 30.605 Executing VM operation: Cleanup done
Event: 32.620 Executing VM operation: Cleanup
Event: 32.620 Executing VM operation: Cleanup done
Event: 34.645 Executing VM operation: Cleanup
Event: 34.645 Executing VM operation: Cleanup done
Event: 36.674 Executing VM operation: Cleanup
Event: 36.674 Executing VM operation: Cleanup done

Events (20 events):
Event: 32.399 loading class sun/awt/geom/CurveLink
Event: 32.399 loading class sun/awt/geom/CurveLink done
Event: 32.399 loading class sun/awt/geom/ChainEnd
Event: 32.400 loading class sun/awt/geom/ChainEnd done
Event: 32.400 loading class java/util/Vector$1
Event: 32.409 loading class java/util/Vector$1 done
Event: 32.409 loading class sun/awt/geom/Edge
Event: 32.409 loading class sun/awt/geom/Edge done
Event: 32.409 loading class java/awt/geom/Path2D$Double$CopyIterator
Event: 32.409 loading class java/awt/geom/Path2D$Double$CopyIterator done
Event: 32.409 loading class sun/awt/geom/AreaOp$IntOp
Event: 32.409 loading class sun/awt/geom/AreaOp$CAGOp
Event: 32.409 loading class sun/awt/geom/AreaOp$CAGOp done
Event: 32.409 loading class sun/awt/geom/AreaOp$IntOp done
Event: 34.201 loading class java/awt/Window$1DisposeAction
Event: 34.201 loading class java/awt/Window$1DisposeAction done
Event: 34.201 loading class java/awt/KeyboardFocusManager$2
Event: 34.201 loading class java/awt/KeyboardFocusManager$2 done
Event: 34.201 loading class sun/awt/SunToolkit$1
Event: 34.201 loading class sun/awt/SunToolkit$1 done


Dynamic libraries:
0x00007ff7dd9f0000 - 0x00007ff7dda00000 	C:\Program Files\Java\jdk-17\bin\java.exe
0x00007ff8f5f30000 - 0x00007ff8f6128000 	C:\WINDOWS\SYSTEM32\ntdll.dll
0x00007ff8f5c80000 - 0x00007ff8f5d3f000 	C:\WINDOWS\System32\KERNEL32.DLL
0x00007ff8f39a0000 - 0x00007ff8f3c96000 	C:\WINDOWS\System32\KERNELBASE.dll
0x00007ff8f3ee0000 - 0x00007ff8f3fe0000 	C:\WINDOWS\System32\ucrtbase.dll
0x00007ff8ef410000 - 0x00007ff8ef429000 	C:\Program Files\Java\jdk-17\bin\jli.dll
0x00007ff8ef430000 - 0x00007ff8ef44b000 	C:\Program Files\Java\jdk-17\bin\VCRUNTIME140.dll
0x00007ff8f5070000 - 0x00007ff8f511f000 	C:\WINDOWS\System32\ADVAPI32.dll
0x00007ff8f5120000 - 0x00007ff8f51be000 	C:\WINDOWS\System32\msvcrt.dll
0x00007ff8f59c0000 - 0x00007ff8f5a5c000 	C:\WINDOWS\System32\sechost.dll
0x00007ff8f4ea0000 - 0x00007ff8f4fc6000 	C:\WINDOWS\System32\RPCRT4.dll
0x00007ff8f5d50000 - 0x00007ff8f5eed000 	C:\WINDOWS\System32\USER32.dll
0x00007ff8f3750000 - 0x00007ff8f3772000 	C:\WINDOWS\System32\win32u.dll
0x00007ff8f5990000 - 0x00007ff8f59bc000 	C:\WINDOWS\System32\GDI32.dll
0x00007ff8d1350000 - 0x00007ff8d15ea000 	C:\WINDOWS\WinSxS\amd64_microsoft.windows.common-controls_6595b64144ccf1df_6.0.19041.1110_none_60b5254171f9507e\COMCTL32.dll
0x00007ff8f3d10000 - 0x00007ff8f3e25000 	C:\WINDOWS\System32\gdi32full.dll
0x00007ff8f3fe0000 - 0x00007ff8f407d000 	C:\WINDOWS\System32\msvcp_win.dll
0x00007ff8eaef0000 - 0x00007ff8eaefa000 	C:\WINDOWS\SYSTEM32\VERSION.dll
0x00007ff8f4fd0000 - 0x00007ff8f5000000 	C:\WINDOWS\System32\IMM32.DLL
0x00007ff8ef400000 - 0x00007ff8ef40c000 	C:\Program Files\Java\jdk-17\bin\vcruntime140_1.dll
0x00007ff8d0dd0000 - 0x00007ff8d0e5e000 	C:\Program Files\Java\jdk-17\bin\msvcp140.dll
0x00007ff8c1620000 - 0x00007ff8c21fe000 	C:\Program Files\Java\jdk-17\bin\server\jvm.dll
0x00007ff8f5d40000 - 0x00007ff8f5d48000 	C:\WINDOWS\System32\PSAPI.DLL
0x00007ff8eaec0000 - 0x00007ff8eaee7000 	C:\WINDOWS\SYSTEM32\WINMM.dll
0x00007ff8d41b0000 - 0x00007ff8d41b9000 	C:\WINDOWS\SYSTEM32\WSOCK32.dll
0x00007ff8f5220000 - 0x00007ff8f528b000 	C:\WINDOWS\System32\WS2_32.dll
0x00007ff8f15c0000 - 0x00007ff8f15d2000 	C:\WINDOWS\SYSTEM32\kernel.appcore.dll
0x00007ff8f07d0000 - 0x00007ff8f07da000 	C:\Program Files\Java\jdk-17\bin\jimage.dll
0x000000006cd20000 - 0x000000006ceb6000 	C:\Program Files\Microsoft SQL Server\120\Shared\DBGHELP.DLL
0x00007ff8ef450000 - 0x00007ff8ef45e000 	C:\Program Files\Java\jdk-17\bin\instrument.dll
0x00007ff8ef3d0000 - 0x00007ff8ef3f5000 	C:\Program Files\Java\jdk-17\bin\java.dll
0x00007ff8c75e0000 - 0x00007ff8c76b7000 	C:\Program Files\Java\jdk-17\bin\jsvml.dll
0x00007ff8f4080000 - 0x00007ff8f47c4000 	C:\WINDOWS\System32\SHELL32.dll
0x00007ff8f17c0000 - 0x00007ff8f1f53000 	C:\WINDOWS\SYSTEM32\windows.storage.dll
0x00007ff8f53b0000 - 0x00007ff8f5704000 	C:\WINDOWS\System32\combase.dll
0x00007ff8f3080000 - 0x00007ff8f30ae000 	C:\WINDOWS\SYSTEM32\Wldp.dll
0x00007ff8f5a60000 - 0x00007ff8f5b0d000 	C:\WINDOWS\System32\SHCORE.dll
0x00007ff8f4e40000 - 0x00007ff8f4e95000 	C:\WINDOWS\System32\shlwapi.dll
0x00007ff8f3640000 - 0x00007ff8f365f000 	C:\WINDOWS\SYSTEM32\profapi.dll
0x00007ff8eeb50000 - 0x00007ff8eeb68000 	C:\Program Files\Java\jdk-17\bin\zip.dll
0x00007ff8ede30000 - 0x00007ff8ede49000 	C:\Program Files\Java\jdk-17\bin\net.dll
0x00007ff8ec230000 - 0x00007ff8ec33a000 	C:\WINDOWS\SYSTEM32\WINHTTP.dll
0x00007ff8f2de0000 - 0x00007ff8f2e4a000 	C:\WINDOWS\system32\mswsock.dll
0x00007ff8ede10000 - 0x00007ff8ede26000 	C:\Program Files\Java\jdk-17\bin\nio.dll
0x00007ff8edcf0000 - 0x00007ff8edd0a000 	C:\Program Files\JetBrains\IntelliJ IDEA 2022.1\bin\breakgen64.dll
0x00007ff8c7440000 - 0x00007ff8c75d1000 	C:\Program Files\Java\jdk-17\bin\awt.dll
0x00007ff8f4d70000 - 0x00007ff8f4e3d000 	C:\WINDOWS\System32\OLEAUT32.dll
0x00007ff8f0fe0000 - 0x00007ff8f1071000 	C:\WINDOWS\SYSTEM32\apphelp.dll
0x00007ff8f14b0000 - 0x00007ff8f14df000 	C:\WINDOWS\system32\DWMAPI.DLL
0x00007ff8f10f0000 - 0x00007ff8f118e000 	C:\WINDOWS\system32\uxtheme.dll
0x00007ff8b3f50000 - 0x00007ff8b4075000 	C:\WINDOWS\system32\opengl32.dll
0x00007ff8b8190000 - 0x00007ff8b81bc000 	C:\WINDOWS\SYSTEM32\GLU32.dll
0x00007ff8f5290000 - 0x00007ff8f53a4000 	C:\WINDOWS\System32\MSCTF.dll
0x00007ff8f4c40000 - 0x00007ff8f4d6a000 	C:\WINDOWS\System32\ole32.dll
0x00007ff8f3910000 - 0x00007ff8f3992000 	C:\WINDOWS\System32\bcryptPrimitives.dll
0x00007ff8dd9d0000 - 0x00007ff8dda56000 	C:\Program Files\Java\jdk-17\bin\freetype.dll
0x00007ff8c7360000 - 0x00007ff8c7433000 	C:\Program Files\Java\jdk-17\bin\fontmanager.dll
0x00007ff8e8090000 - 0x00007ff8e818a000 	C:\WINDOWS\SYSTEM32\textinputframework.dll
0x00007ff8f0440000 - 0x00007ff8f079e000 	C:\WINDOWS\System32\CoreUIComponents.dll
0x00007ff8f0b70000 - 0x00007ff8f0c62000 	C:\WINDOWS\System32\CoreMessaging.dll
0x00007ff8f2820000 - 0x00007ff8f2853000 	C:\WINDOWS\SYSTEM32\ntmarta.dll
0x00007ff8ef260000 - 0x00007ff8ef3b4000 	C:\WINDOWS\SYSTEM32\wintypes.dll
0x00007ff8f5710000 - 0x00007ff8f57b9000 	C:\WINDOWS\System32\clbcatq.dll
0x00007ff8ebfc0000 - 0x00007ff8ec174000 	C:\WINDOWS\SYSTEM32\WindowsCodecs.dll
0x00007ff8f38e0000 - 0x00007ff8f3907000 	C:\WINDOWS\System32\bcrypt.dll
0x00007ff8cc250000 - 0x00007ff8cc28e000 	C:\WINDOWS\system32\dataexchange.dll
0x00007ff8efb90000 - 0x00007ff8efd73000 	C:\WINDOWS\system32\dcomp.dll
0x00007ff8ef920000 - 0x00007ff8efb83000 	C:\WINDOWS\system32\d3d11.dll
0x00007ff8f1fc0000 - 0x00007ff8f20b3000 	C:\WINDOWS\system32\dxgi.dll
0x00007ff8ec640000 - 0x00007ff8ec840000 	C:\WINDOWS\system32\twinapi.appcore.dll

dbghelp: loaded successfully - version: 4.0.5 - missing functions: none
symbol engine: initialized successfully - sym options: 0x614 - pdb path: .;C:\Program Files\Java\jdk-17\bin;C:\WINDOWS\SYSTEM32;C:\WINDOWS\WinSxS\amd64_microsoft.windows.common-controls_6595b64144ccf1df_6.0.19041.1110_none_60b5254171f9507e;C:\Program Files\Java\jdk-17\bin\server;C:\Program Files\Microsoft SQL Server\120\Shared;C:\Program Files\JetBrains\IntelliJ IDEA 2022.1\bin

VM Arguments:
jvm_args: -javaagent:C:\Program Files\JetBrains\IntelliJ IDEA 2022.1\lib\idea_rt.jar=50482:C:\Program Files\JetBrains\IntelliJ IDEA 2022.1\bin -Dfile.encoding=UTF-8 
java_command: Main
java_class_path (initial): C:\Users\junior\reverso\out\production\reverso
Launcher Type: SUN_STANDARD

[Global flags]
     intx CICompilerCount                          = 3                                         {product} {ergonomic}
     uint ConcGCThreads                            = 1                                         {product} {ergonomic}
     uint G1ConcRefinementThreads                  = 4                                         {product} {ergonomic}
   size_t G1HeapRegionSize                         = 1048576                                   {product} {ergonomic}
    uintx GCDrainStackTargetSize                   = 64                                        {product} {ergonomic}
   size_t InitialHeapSize                          = 58720256                                  {product} {ergonomic}
   size_t MarkStackSize                            = 4194304                                   {product} {ergonomic}
   size_t MaxHeapSize                              = 926941184                                 {product} {ergonomic}
   size_t MaxNewSize                               = 555745280                                 {product} {ergonomic}
   size_t MinHeapDeltaBytes                        = 1048576                                   {product} {ergonomic}
   size_t MinHeapSize                              = 8388608                                   {product} {ergonomic}
    uintx NonNMethodCodeHeapSize                   = 5832780                                {pd product} {ergonomic}
    uintx NonProfiledCodeHeapSize                  = 122912730                              {pd product} {ergonomic}
    uintx ProfiledCodeHeapSize                     = 122912730                              {pd product} {ergonomic}
    uintx ReservedCodeCacheSize                    = 251658240                              {pd product} {ergonomic}
     bool SegmentedCodeCache                       = true                                      {product} {ergonomic}
   size_t SoftMaxHeapSize                          = 926941184                              {manageable} {ergonomic}
     bool UseCompressedClassPointers               = true                           {product lp64_product} {ergonomic}
     bool UseCompressedOops                        = true                           {product lp64_product} {ergonomic}
     bool UseG1GC                                  = true                                      {product} {ergonomic}
     bool UseLargePagesIndividualAllocation        = false                                  {pd product} {ergonomic}

Logging:
Log output configuration:
 #0: stdout all=warning uptime,level,tags
 #1: stderr all=off uptime,level,tags

Environment Variables:
PATH=C:\Program Files\Common Files\Oracle\Java\javapath;C:\Program Files (x86)\Intel\iCLS Client\;C:\Program Files\Intel\iCLS Client\;C:\WINDOWS\system32;C:\WINDOWS;C:\WINDOWS\System32\Wbem;C:\WINDOWS\System32\WindowsPowerShell\v1.0\;C:\Program Files\Intel\Intel(R) Management Engine Components\DAL;C:\Program Files\Intel\Intel(R) Management Engine Components\IPT;C:\Program Files (x86)\Intel\Intel(R) Management Engine Components\DAL;C:\Program Files (x86)\Intel\Intel(R) Management Engine Components\IPT;C:\WINDOWS\System32\OpenSSH\;C:\Program Files\nodejs\;C:\Program Files\Microsoft SQL Server\Client SDK\ODBC\110\Tools\Binn\;C:\Program Files (x86)\Microsoft SQL Server\120\Tools\Binn\;C:\Program Files\Microsoft SQL Server\120\Tools\Binn\;C:\Program Files\Microsoft SQL Server\120\DTS\Binn\;C:\Program Files (x86)\Windows Kits\8.1\Windows Performance Toolkit\;C:\Program Files\MySQL\MySQL Shell 8.0\bin\;C:\Users\junior\AppData\Local\Microsoft\WindowsApps;;C:\Program Files\JetBrains\IntelliJ IDEA 2022.1\bin;;C:\Users\junior\AppData\Local\Programs\Microsoft VS Code\bin;C:\Users\junior\AppData\Roaming\npm
USERNAME=junior
OS=Windows_NT
PROCESSOR_IDENTIFIER=Intel64 Family 6 Model 69 Stepping 1, GenuineIntel



---------------  S Y S T E M  ---------------

OS:
 Windows 10 , 64 bit Build 19041 (10.0.19041.2913)
OS uptime: 0 days 4:46 hours

CPU: total 4 (initial active 4) (2 cores per cpu, 2 threads per core) family 6 model 69 stepping 1 microcode 0x25, cx8, cmov, fxsr, ht, mmx, sse, sse2, sse3, ssse3, sse4.1, sse4.2, popcnt, lzcnt, tsc, tscinvbit, avx, avx2, aes, erms, clmul, bmi1, bmi2, fma, vzeroupper, clflush

Memory: 4k page, system-wide physical 3531M (333M free)
TotalPageFile size 6031M (AvailPageFile size 15M)
current process WorkingSet (physical memory assigned to process): 77M, peak: 77M
current process commit charge ("private bytes"): 153M, peak: 154M

vm_info: Java HotSpot(TM) 64-Bit Server VM (17.0.8+9-LTS-211) for windows-amd64 JRE (17.0.8+9-LTS-211), built on Jun 14 2023 10:34:31 by "mach5one" with MS VC++ 17.1 (VS2022)

END.
