#
# There is insufficient memory for the Java Runtime Environment to continue.
# Native memory allocation (mmap) failed to map 58720256 bytes for G1 virtual space
# Possible reasons:
#   The system is out of physical RAM or swap space
#   The process is running with CompressedOops enabled, and the Java Heap may be blocking the growth of the native heap
# Possible solutions:
#   Reduce memory load on the system
#   Increase physical memory or swap space
#   Check if swap backing store is full
#   Decrease Java heap size (-Xmx/-Xms)
#   Decrease number of Java threads
#   Decrease Java thread stack sizes (-Xss)
#   Set larger code cache with -XX:ReservedCodeCacheSize=
#   JVM is running with Unscaled Compressed Oops mode in which the Java heap is
#     placed in the first 4GB address space. The Java Heap base address is the
#     maximum limit for the native heap growth. Please use -XX:HeapBaseMinAddress
#     to set the Java Heap base and to place the Java Heap above 4GB virtual address.
# This output file may be truncated or incomplete.
#
#  Out of Memory Error (os_windows.cpp:3550), pid=7260, tid=7680
#
# JRE version:  (17.0.8+9) (build )
# Java VM: Java HotSpot(TM) 64-Bit Server VM (17.0.8+9-LTS-211, mixed mode, sharing, tiered, compressed oops, compressed class ptrs, g1 gc, windows-amd64)
# No core dump will be written. Minidumps are not enabled by default on client versions of Windows
#

---------------  S U M M A R Y ------------

Command Line: -javaagent:C:\Program Files\JetBrains\IntelliJ IDEA 2022.1\lib\idea_rt.jar=50308:C:\Program Files\JetBrains\IntelliJ IDEA 2022.1\bin -Dfile.encoding=UTF-8 vueReverso.AccueilForm$Main

Host: Intel(R) Core(TM) i7-4510U CPU @ 2.00GHz, 4 cores, 3G,  Windows 10 , 64 bit Build 19041 (10.0.19041.2913)
Time: Wed Jan  3 17:10:54 2024 Paris, Madrid elapsed time: 0.022226 seconds (0d 0h 0m 0s)

---------------  T H R E A D  ---------------

Current thread (0x000001e4f4163470):  JavaThread "Unknown thread" [_thread_in_vm, id=7680, stack(0x0000003e73900000,0x0000003e73a00000)]

Stack: [0x0000003e73900000,0x0000003e73a00000]
Native frames: (J=compiled Java code, j=interpreted, Vv=VM code, C=native code)
V  [jvm.dll+0x677d0a]
V  [jvm.dll+0x7d8c54]
V  [jvm.dll+0x7da3fe]
V  [jvm.dll+0x7daa63]
V  [jvm.dll+0x245c5f]
V  [jvm.dll+0x674bb9]
V  [jvm.dll+0x6694f2]
V  [jvm.dll+0x3031d6]
V  [jvm.dll+0x30a756]
V  [jvm.dll+0x359f9e]
V  [jvm.dll+0x35a1cf]
V  [jvm.dll+0x2da3e8]
V  [jvm.dll+0x2db354]
V  [jvm.dll+0x7aa711]
V  [jvm.dll+0x367b51]
V  [jvm.dll+0x789979]
V  [jvm.dll+0x3eb05f]
V  [jvm.dll+0x3ecae1]
C  [jli.dll+0x5297]
C  [ucrtbase.dll+0x21bb2]
C  [KERNEL32.DLL+0x17614]
C  [ntdll.dll+0x526a1]


---------------  P R O C E S S  ---------------

Threads class SMR info:
_java_thread_list=0x00007ffae47459d8, length=0, elements={
}

Java Threads: ( => current thread )

Other Threads:
  0x000001e4f419cb50 GCTaskThread "GC Thread#0" [stack: 0x0000003e73a00000,0x0000003e73b00000] [id=4832]
  0x000001e4f41a5e40 ConcurrentGCThread "G1 Main Marker" [stack: 0x0000003e73b00000,0x0000003e73c00000] [id=1488]
  0x000001e4f41a6f00 ConcurrentGCThread "G1 Conc#0" [stack: 0x0000003e73c00000,0x0000003e73d00000] [id=2856]

[error occurred during error reporting (printing all threads), id 0xc0000005, EXCEPTION_ACCESS_VIOLATION (0xc0000005) at pc=0x00007ffae3f7b047]

VM state: not at safepoint (not fully initialized)

VM Mutex/Monitor currently owned by a thread:  ([mutex/lock_event])
[0x000001e4f41600e0] Heap_lock - owner thread: 0x000001e4f4163470

Heap address: 0x00000000c8c00000, size: 884 MB, Compressed Oops mode: 32-bit

CDS archive(s) mapped at: [0x0000000000000000-0x0000000000000000-0x0000000000000000), size 0, SharedBaseAddress: 0x0000000800000000, ArchiveRelocationMode: 1.
Narrow klass base: 0x0000000000000000, Narrow klass shift: 0, Narrow klass range: 0x0

GC Precious Log:
<Empty>

Heap:
 garbage-first heap   total 0K, used 0K [0x00000000c8c00000, 0x0000000100000000)
  region size 1024K, 0 young (0K), 0 survivors (0K)

[error occurred during error reporting (printing heap information), id 0xc0000005, EXCEPTION_ACCESS_VIOLATION (0xc0000005) at pc=0x00007ffae4361499]

GC Heap History (0 events):
No events

Deoptimization events (0 events):
No events

Classes unloaded (0 events):
No events

Classes redefined (0 events):
No events

Internal exceptions (0 events):
No events

VM Operations (0 events):
No events

Events (1 events):
Event: 0.010 Loaded shared library C:\Program Files\Java\jdk-17\bin\java.dll


Dynamic libraries:
0x00007ff7232f0000 - 0x00007ff723300000 	C:\Program Files\Java\jdk-17\bin\java.exe
0x00007ffb2b090000 - 0x00007ffb2b288000 	C:\WINDOWS\SYSTEM32\ntdll.dll
0x00007ffb2a230000 - 0x00007ffb2a2ef000 	C:\WINDOWS\System32\KERNEL32.DLL
0x00007ffb28e80000 - 0x00007ffb29176000 	C:\WINDOWS\System32\KERNELBASE.dll
0x00007ffb28a30000 - 0x00007ffb28b30000 	C:\WINDOWS\System32\ucrtbase.dll
0x00007ffb00f50000 - 0x00007ffb00f6b000 	C:\Program Files\Java\jdk-17\bin\VCRUNTIME140.dll
0x00007ffb02a40000 - 0x00007ffb02a59000 	C:\Program Files\Java\jdk-17\bin\jli.dll
0x00007ffb2a770000 - 0x00007ffb2a81f000 	C:\WINDOWS\System32\ADVAPI32.dll
0x00007ffb296d0000 - 0x00007ffb2976e000 	C:\WINDOWS\System32\msvcrt.dll
0x00007ffb299c0000 - 0x00007ffb29a5c000 	C:\WINDOWS\System32\sechost.dll
0x00007ffb2a4a0000 - 0x00007ffb2a5c6000 	C:\WINDOWS\System32\RPCRT4.dll
0x00007ffb29250000 - 0x00007ffb293ed000 	C:\WINDOWS\System32\USER32.dll
0x00007ffb28c50000 - 0x00007ffb28c72000 	C:\WINDOWS\System32\win32u.dll
0x00007ffb2a610000 - 0x00007ffb2a63c000 	C:\WINDOWS\System32\GDI32.dll
0x00007ffb28b30000 - 0x00007ffb28c45000 	C:\WINDOWS\System32\gdi32full.dll
0x00007ffb28800000 - 0x00007ffb2889d000 	C:\WINDOWS\System32\msvcp_win.dll
0x00007ffb09310000 - 0x00007ffb095aa000 	C:\WINDOWS\WinSxS\amd64_microsoft.windows.common-controls_6595b64144ccf1df_6.0.19041.1110_none_60b5254171f9507e\COMCTL32.dll
0x00007ffb1f5b0000 - 0x00007ffb1f5ba000 	C:\WINDOWS\SYSTEM32\VERSION.dll
0x00007ffb2a5d0000 - 0x00007ffb2a600000 	C:\WINDOWS\System32\IMM32.DLL
0x00007ffb1f450000 - 0x00007ffb1f45c000 	C:\Program Files\Java\jdk-17\bin\vcruntime140_1.dll
0x00007ffaf1d50000 - 0x00007ffaf1dde000 	C:\Program Files\Java\jdk-17\bin\msvcp140.dll
0x00007ffae3c90000 - 0x00007ffae486e000 	C:\Program Files\Java\jdk-17\bin\server\jvm.dll
0x00007ffb2a600000 - 0x00007ffb2a608000 	C:\WINDOWS\System32\PSAPI.DLL
0x00007ffb1f830000 - 0x00007ffb1f857000 	C:\WINDOWS\SYSTEM32\WINMM.dll
0x00007ffb0f530000 - 0x00007ffb0f539000 	C:\WINDOWS\SYSTEM32\WSOCK32.dll
0x00007ffb29460000 - 0x00007ffb294cb000 	C:\WINDOWS\System32\WS2_32.dll
0x00007ffb266c0000 - 0x00007ffb266d2000 	C:\WINDOWS\SYSTEM32\kernel.appcore.dll
0x00007ffb02e00000 - 0x00007ffb02e0a000 	C:\Program Files\Java\jdk-17\bin\jimage.dll
0x00000000551f0000 - 0x0000000055386000 	C:\Program Files\Microsoft SQL Server\120\Shared\DBGHELP.DLL
0x00007ffb02a30000 - 0x00007ffb02a3e000 	C:\Program Files\Java\jdk-17\bin\instrument.dll
0x00007ffafdfd0000 - 0x00007ffafdff5000 	C:\Program Files\Java\jdk-17\bin\java.dll

dbghelp: loaded successfully - version: 4.0.5 - missing functions: none
symbol engine: initialized successfully - sym options: 0x614 - pdb path: .;C:\Program Files\Java\jdk-17\bin;C:\WINDOWS\SYSTEM32;C:\WINDOWS\WinSxS\amd64_microsoft.windows.common-controls_6595b64144ccf1df_6.0.19041.1110_none_60b5254171f9507e;C:\Program Files\Java\jdk-17\bin\server;C:\Program Files\Microsoft SQL Server\120\Shared

VM Arguments:
jvm_args: -javaagent:C:\Program Files\JetBrains\IntelliJ IDEA 2022.1\lib\idea_rt.jar=50308:C:\Program Files\JetBrains\IntelliJ IDEA 2022.1\bin -Dfile.encoding=UTF-8 
java_command: vueReverso.AccueilForm$Main
java_class_path (initial): C:\Users\junior\reverso\out\production\reverso
Launcher Type: SUN_STANDARD

[Global flags]
     intx CICompilerCount                          = 3                                         {product} {ergonomic}
     uint ConcGCThreads                            = 1                                         {product} {ergonomic}
     uint G1ConcRefinementThreads                  = 4                                         {product} {ergonomic}
   size_t G1HeapRegionSize                         = 1048576                                   {product} {ergonomic}
    uintx GCDrainStackTargetSize                   = 64                                        {product} {ergonomic}
   size_t InitialHeapSize                          = 58720256                                  {product} {ergonomic}
   size_t MarkStackSize                            = 4194304                                   {product} {ergonomic}
   size_t MaxHeapSize                              = 926941184                                 {product} {ergonomic}
   size_t MinHeapDeltaBytes                        = 1048576                                   {product} {ergonomic}
   size_t MinHeapSize                              = 8388608                                   {product} {ergonomic}
    uintx NonNMethodCodeHeapSize                   = 5832780                                {pd product} {ergonomic}
    uintx NonProfiledCodeHeapSize                  = 122912730                              {pd product} {ergonomic}
    uintx ProfiledCodeHeapSize                     = 122912730                              {pd product} {ergonomic}
    uintx ReservedCodeCacheSize                    = 251658240                              {pd product} {ergonomic}
     bool SegmentedCodeCache                       = true                                      {product} {ergonomic}
   size_t SoftMaxHeapSize                          = 926941184                              {manageable} {ergonomic}
     bool UseCompressedClassPointers               = true                           {product lp64_product} {ergonomic}
     bool UseCompressedOops                        = true                           {product lp64_product} {ergonomic}
     bool UseG1GC                                  = true                                      {product} {ergonomic}
     bool UseLargePagesIndividualAllocation        = false                                  {pd product} {ergonomic}

Logging:
Log output configuration:
 #0: stdout all=warning uptime,level,tags
 #1: stderr all=off uptime,level,tags

Environment Variables:
PATH=C:\Program Files\Common Files\Oracle\Java\javapath;C:\Program Files (x86)\Intel\iCLS Client\;C:\Program Files\Intel\iCLS Client\;C:\WINDOWS\system32;C:\WINDOWS;C:\WINDOWS\System32\Wbem;C:\WINDOWS\System32\WindowsPowerShell\v1.0\;C:\Program Files\Intel\Intel(R) Management Engine Components\DAL;C:\Program Files\Intel\Intel(R) Management Engine Components\IPT;C:\Program Files (x86)\Intel\Intel(R) Management Engine Components\DAL;C:\Program Files (x86)\Intel\Intel(R) Management Engine Components\IPT;C:\WINDOWS\System32\OpenSSH\;C:\Program Files\nodejs\;C:\Program Files\Microsoft SQL Server\Client SDK\ODBC\110\Tools\Binn\;C:\Program Files (x86)\Microsoft SQL Server\120\Tools\Binn\;C:\Program Files\Microsoft SQL Server\120\Tools\Binn\;C:\Program Files\Microsoft SQL Server\120\DTS\Binn\;C:\Program Files (x86)\Windows Kits\8.1\Windows Performance Toolkit\;C:\Program Files\MySQL\MySQL Shell 8.0\bin\;C:\Users\junior\AppData\Local\Microsoft\WindowsApps;;C:\Program Files\JetBrains\IntelliJ IDEA 2022.1\bin;;C:\Users\junior\AppData\Local\Programs\Microsoft VS Code\bin;C:\Users\junior\AppData\Roaming\npm
USERNAME=junior
OS=Windows_NT
PROCESSOR_IDENTIFIER=Intel64 Family 6 Model 69 Stepping 1, GenuineIntel



---------------  S Y S T E M  ---------------

OS:
 Windows 10 , 64 bit Build 19041 (10.0.19041.2913)
OS uptime: 0 days 5:00 hours

CPU: total 4 (initial active 4) (2 cores per cpu, 2 threads per core) family 6 model 69 stepping 1 microcode 0x25, cx8, cmov, fxsr, ht, mmx, sse, sse2, sse3, ssse3, sse4.1, sse4.2, popcnt, lzcnt, tsc, tscinvbit, avx, avx2, aes, erms, clmul, bmi1, bmi2, fma, vzeroupper, clflush

Memory: 4k page, system-wide physical 3531M (368M free)
TotalPageFile size 6031M (AvailPageFile size 27M)
current process WorkingSet (physical memory assigned to process): 10M, peak: 10M
current process commit charge ("private bytes"): 51M, peak: 107M

vm_info: Java HotSpot(TM) 64-Bit Server VM (17.0.8+9-LTS-211) for windows-amd64 JRE (17.0.8+9-LTS-211), built on Jun 14 2023 10:34:31 by "mach5one" with MS VC++ 17.1 (VS2022)

END.
