#
# There is insufficient memory for the Java Runtime Environment to continue.
# Native memory allocation (malloc) failed to allocate 37472 bytes for Chunk::new
# Possible reasons:
#   The system is out of physical RAM or swap space
#   The process is running with CompressedOops enabled, and the Java Heap may be blocking the growth of the native heap
# Possible solutions:
#   Reduce memory load on the system
#   Increase physical memory or swap space
#   Check if swap backing store is full
#   Decrease Java heap size (-Xmx/-Xms)
#   Decrease number of Java threads
#   Decrease Java thread stack sizes (-Xss)
#   Set larger code cache with -XX:ReservedCodeCacheSize=
#   JVM is running with Unscaled Compressed Oops mode in which the Java heap is
#     placed in the first 4GB address space. The Java Heap base address is the
#     maximum limit for the native heap growth. Please use -XX:HeapBaseMinAddress
#     to set the Java Heap base and to place the Java Heap above 4GB virtual address.
# This output file may be truncated or incomplete.
#
#  Out of Memory Error (arena.cpp:189), pid=6944, tid=6664
#
# JRE version: Java(TM) SE Runtime Environment (17.0.8+9) (build 17.0.8+9-LTS-211)
# Java VM: Java HotSpot(TM) 64-Bit Server VM (17.0.8+9-LTS-211, mixed mode, sharing, tiered, compressed oops, compressed class ptrs, g1 gc, windows-amd64)
# No core dump will be written. Minidumps are not enabled by default on client versions of Windows
#

---------------  S U M M A R Y ------------

Command Line: -javaagent:C:\Program Files\JetBrains\IntelliJ IDEA 2022.1\lib\idea_rt.jar=49946:C:\Program Files\JetBrains\IntelliJ IDEA 2022.1\bin -Dfile.encoding=UTF-8 Main

Host: Intel(R) Core(TM) i7-4510U CPU @ 2.00GHz, 4 cores, 3G,  Windows 10 , 64 bit Build 19041 (10.0.19041.2913)
Time: Thu Jan  4 19:27:31 2024 Paris, Madrid elapsed time: 143.854021 seconds (0d 0h 2m 23s)

---------------  T H R E A D  ---------------

Current thread (0x000001f9c6c5c5f0):  JavaThread "C2 CompilerThread0" daemon [_thread_in_native, id=6664, stack(0x000000d2bba00000,0x000000d2bbb00000)]


Current CompileTask:
C2: 143854 2063   !   4       javax.swing.RepaintManager::addDirtyRegion0 (205 bytes)

Stack: [0x000000d2bba00000,0x000000d2bbb00000]
Native frames: (J=compiled Java code, j=interpreted, Vv=VM code, C=native code)
V  [jvm.dll+0x677d0a]
V  [jvm.dll+0x7d8c54]
V  [jvm.dll+0x7da3fe]
V  [jvm.dll+0x7daa63]
V  [jvm.dll+0x245c5f]
V  [jvm.dll+0xaaa6b]
V  [jvm.dll+0xab00c]
V  [jvm.dll+0x58040a]
V  [jvm.dll+0x220b22]
V  [jvm.dll+0x2199e5]
V  [jvm.dll+0x217329]
V  [jvm.dll+0x1a3af0]
V  [jvm.dll+0x2270be]
V  [jvm.dll+0x22535b]
V  [jvm.dll+0x78e7bc]
V  [jvm.dll+0x788bba]
V  [jvm.dll+0x676b35]
C  [ucrtbase.dll+0x21bb2]
C  [KERNEL32.DLL+0x17614]
C  [ntdll.dll+0x526a1]


---------------  P R O C E S S  ---------------

Threads class SMR info:
_java_thread_list=0x000001fa0e6969e0, length=19, elements={
0x000001f9a9f8c590, 0x000001f9a9f8dab0, 0x000001f9a9f9d870, 0x000001f9a9f9e330,
0x000001f9c6c4f780, 0x000001f9c6c56d10, 0x000001f9c6c5c5f0, 0x000001f9c6c5cfa0,
0x000001f9c6c5e890, 0x000001f9c6ddb040, 0x000001fa0c05cad0, 0x000001f9c6eab0a0,
0x000001fa0c16c7b0, 0x000001fa0c19f9f0, 0x000001fa0c222d70, 0x000001fa0c19e600,
0x000001f9a9ee3980, 0x000001fa0c334650, 0x000001fa0e43b790
}

Java Threads: ( => current thread )
  0x000001f9a9f8c590 JavaThread "Reference Handler" daemon [_thread_blocked, id=7708, stack(0x000000d2bb400000,0x000000d2bb500000)]
  0x000001f9a9f8dab0 JavaThread "Finalizer" daemon [_thread_blocked, id=2820, stack(0x000000d2bb500000,0x000000d2bb600000)]
  0x000001f9a9f9d870 JavaThread "Signal Dispatcher" daemon [_thread_blocked, id=2576, stack(0x000000d2bb600000,0x000000d2bb700000)]
  0x000001f9a9f9e330 JavaThread "Attach Listener" daemon [_thread_blocked, id=8588, stack(0x000000d2bb700000,0x000000d2bb800000)]
  0x000001f9c6c4f780 JavaThread "Service Thread" daemon [_thread_blocked, id=8504, stack(0x000000d2bb800000,0x000000d2bb900000)]
  0x000001f9c6c56d10 JavaThread "Monitor Deflation Thread" daemon [_thread_blocked, id=7896, stack(0x000000d2bb900000,0x000000d2bba00000)]
=>0x000001f9c6c5c5f0 JavaThread "C2 CompilerThread0" daemon [_thread_in_native, id=6664, stack(0x000000d2bba00000,0x000000d2bbb00000)]
  0x000001f9c6c5cfa0 JavaThread "C1 CompilerThread0" daemon [_thread_blocked, id=1996, stack(0x000000d2bbb00000,0x000000d2bbc00000)]
  0x000001f9c6c5e890 JavaThread "Sweeper thread" daemon [_thread_blocked, id=8128, stack(0x000000d2bbc00000,0x000000d2bbd00000)]
  0x000001f9c6ddb040 JavaThread "Common-Cleaner" daemon [_thread_blocked, id=1948, stack(0x000000d2bbd00000,0x000000d2bbe00000)]
  0x000001fa0c05cad0 JavaThread "Monitor Ctrl-Break" daemon [_thread_in_native, id=6160, stack(0x000000d2bbe00000,0x000000d2bbf00000)]
  0x000001f9c6eab0a0 JavaThread "Notification Thread" daemon [_thread_blocked, id=3432, stack(0x000000d2bbf00000,0x000000d2bc000000)]
  0x000001fa0c16c7b0 JavaThread "Java2D Disposer" daemon [_thread_blocked, id=8880, stack(0x000000d2bc100000,0x000000d2bc200000)]
  0x000001fa0c19f9f0 JavaThread "AWT-Windows" daemon [_thread_in_native, id=5364, stack(0x000000d2bc300000,0x000000d2bc400000)]
  0x000001fa0c222d70 JavaThread "AWT-Shutdown" [_thread_blocked, id=5584, stack(0x000000d2bc200000,0x000000d2bc300000)]
  0x000001fa0c19e600 JavaThread "AWT-EventQueue-0" [_thread_in_vm, id=7200, stack(0x000000d2bc400000,0x000000d2bc500000)]
  0x000001f9a9ee3980 JavaThread "DestroyJavaVM" [_thread_blocked, id=8612, stack(0x000000d2bad00000,0x000000d2bae00000)]
  0x000001fa0c334650 JavaThread "TimerQueue" daemon [_thread_blocked, id=6804, stack(0x000000d2baa00000,0x000000d2bab00000)]
  0x000001fa0e43b790 JavaThread "C2 CompilerThread1" daemon [_thread_in_native, id=3392, stack(0x000000d2bcd00000,0x000000d2bce00000)]

Other Threads:
  0x000001f9a9f882e0 VMThread "VM Thread" [stack: 0x000000d2bb300000,0x000000d2bb400000] [id=4900]
  0x000001f9c6eaca30 WatcherThread [stack: 0x000000d2bc000000,0x000000d2bc100000] [id=6016]
  0x000001f9a9f1c850 GCTaskThread "GC Thread#0" [stack: 0x000000d2bae00000,0x000000d2baf00000] [id=7744]
  0x000001fa0e015710 GCTaskThread "GC Thread#1" [stack: 0x000000d2bc900000,0x000000d2bca00000] [id=3040]
  0x000001fa0e0159c0 GCTaskThread "GC Thread#2" [stack: 0x000000d2bca00000,0x000000d2bcb00000] [id=8448]
  0x000001fa0e4f88c0 GCTaskThread "GC Thread#3" [stack: 0x000000d2bcb00000,0x000000d2bcc00000] [id=5052]
  0x000001f9a9f25530 ConcurrentGCThread "G1 Main Marker" [stack: 0x000000d2baf00000,0x000000d2bb000000] [id=5488]
  0x000001f9a9f265f0 ConcurrentGCThread "G1 Conc#0" [stack: 0x000000d2bb000000,0x000000d2bb100000] [id=232]
  0x000001f9a9f62bd0 ConcurrentGCThread "G1 Refine#0" [stack: 0x000000d2bb100000,0x000000d2bb200000] [id=8352]
  0x000001fa0e4f8b70 ConcurrentGCThread "G1 Refine#1" [stack: 0x000000d2bcc00000,0x000000d2bcd00000] [id=8896]
  0x000001f9a9f63500 ConcurrentGCThread "G1 Service" [stack: 0x000000d2bb200000,0x000000d2bb300000] [id=3304]

Threads with active compile tasks:
C2 CompilerThread0   144109 2063   !   4       javax.swing.RepaintManager::addDirtyRegion0 (205 bytes)
C2 CompilerThread1   144109 2141  s    4       javax.swing.RepaintManager::addInvalidComponent (111 bytes)

VM state: not at safepoint (normal execution)

VM Mutex/Monitor currently owned by a thread: None

Heap address: 0x00000000c8c00000, size: 884 MB, Compressed Oops mode: 32-bit

CDS archive(s) mapped at: [0x000001f9c7000000-0x000001f9c7bd0000-0x000001f9c7bd0000), size 12386304, SharedBaseAddress: 0x000001f9c7000000, ArchiveRelocationMode: 1.
Compressed class space mapped at: 0x000001f9c8000000-0x000001fa08000000, reserved size: 1073741824
Narrow klass base: 0x000001f9c7000000, Narrow klass shift: 0, Narrow klass range: 0x100000000

GC Precious Log:
 CPUs: 4 total, 4 available
 Memory: 3531M
 Large Page Support: Disabled
 NUMA Support: Disabled
 Compressed Oops: Enabled (32-bit)
 Heap Region Size: 1M
 Heap Min Capacity: 8M
 Heap Initial Capacity: 56M
 Heap Max Capacity: 884M
 Pre-touch: Disabled
 Parallel Workers: 4
 Concurrent Workers: 1
 Concurrent Refinement Workers: 4
 Periodic GC: Disabled

Heap:
 garbage-first heap   total 57344K, used 7060K [0x00000000c8c00000, 0x0000000100000000)
  region size 1024K, 6 young (6144K), 2 survivors (2048K)
 Metaspace       used 10679K, committed 10880K, reserved 1114112K
  class space    used 1184K, committed 1280K, reserved 1048576K

Heap Regions: E=young(eden), S=young(survivor), O=old, HS=humongous(starts), HC=humongous(continues), CS=collection set, F=free, OA=open archive, CA=closed archive, TAMS=top-at-mark-start (previous, next)
|   0|0x00000000c8c00000, 0x00000000c8d00000, 0x00000000c8d00000|100%|HS|  |TAMS 0x00000000c8c00000, 0x00000000c8c00000| Complete 
|   1|0x00000000c8d00000, 0x00000000c8de5000, 0x00000000c8e00000| 89%| O|  |TAMS 0x00000000c8d00000, 0x00000000c8d00000| Untracked 
|   2|0x00000000c8e00000, 0x00000000c8e00000, 0x00000000c8f00000|  0%| F|  |TAMS 0x00000000c8e00000, 0x00000000c8e00000| Untracked 
|   3|0x00000000c8f00000, 0x00000000c8f00000, 0x00000000c9000000|  0%| F|  |TAMS 0x00000000c8f00000, 0x00000000c8f00000| Untracked 
|   4|0x00000000c9000000, 0x00000000c9000000, 0x00000000c9100000|  0%| F|  |TAMS 0x00000000c9000000, 0x00000000c9000000| Untracked 
|   5|0x00000000c9100000, 0x00000000c9100000, 0x00000000c9200000|  0%| F|  |TAMS 0x00000000c9100000, 0x00000000c9100000| Untracked 
|   6|0x00000000c9200000, 0x00000000c9200000, 0x00000000c9300000|  0%| F|  |TAMS 0x00000000c9200000, 0x00000000c9200000| Untracked 
|   7|0x00000000c9300000, 0x00000000c9300000, 0x00000000c9400000|  0%| F|  |TAMS 0x00000000c9300000, 0x00000000c9300000| Untracked 
|   8|0x00000000c9400000, 0x00000000c9400000, 0x00000000c9500000|  0%| F|  |TAMS 0x00000000c9400000, 0x00000000c9400000| Untracked 
|   9|0x00000000c9500000, 0x00000000c9500000, 0x00000000c9600000|  0%| F|  |TAMS 0x00000000c9500000, 0x00000000c9500000| Untracked 
|  10|0x00000000c9600000, 0x00000000c9600000, 0x00000000c9700000|  0%| F|  |TAMS 0x00000000c9600000, 0x00000000c9600000| Untracked 
|  11|0x00000000c9700000, 0x00000000c9700000, 0x00000000c9800000|  0%| F|  |TAMS 0x00000000c9700000, 0x00000000c9700000| Untracked 
|  12|0x00000000c9800000, 0x00000000c9800000, 0x00000000c9900000|  0%| F|  |TAMS 0x00000000c9800000, 0x00000000c9800000| Untracked 
|  13|0x00000000c9900000, 0x00000000c9900000, 0x00000000c9a00000|  0%| F|  |TAMS 0x00000000c9900000, 0x00000000c9900000| Untracked 
|  14|0x00000000c9a00000, 0x00000000c9a00000, 0x00000000c9b00000|  0%| F|  |TAMS 0x00000000c9a00000, 0x00000000c9a00000| Untracked 
|  15|0x00000000c9b00000, 0x00000000c9b00000, 0x00000000c9c00000|  0%| F|  |TAMS 0x00000000c9b00000, 0x00000000c9b00000| Untracked 
|  16|0x00000000c9c00000, 0x00000000c9c00000, 0x00000000c9d00000|  0%| F|  |TAMS 0x00000000c9c00000, 0x00000000c9c00000| Untracked 
|  17|0x00000000c9d00000, 0x00000000c9d00000, 0x00000000c9e00000|  0%| F|  |TAMS 0x00000000c9d00000, 0x00000000c9d00000| Untracked 
|  18|0x00000000c9e00000, 0x00000000c9e00000, 0x00000000c9f00000|  0%| F|  |TAMS 0x00000000c9e00000, 0x00000000c9e00000| Untracked 
|  19|0x00000000c9f00000, 0x00000000c9f00000, 0x00000000ca000000|  0%| F|  |TAMS 0x00000000c9f00000, 0x00000000c9f00000| Untracked 
|  20|0x00000000ca000000, 0x00000000ca000000, 0x00000000ca100000|  0%| F|  |TAMS 0x00000000ca000000, 0x00000000ca000000| Untracked 
|  21|0x00000000ca100000, 0x00000000ca100000, 0x00000000ca200000|  0%| F|  |TAMS 0x00000000ca100000, 0x00000000ca100000| Untracked 
|  22|0x00000000ca200000, 0x00000000ca200000, 0x00000000ca300000|  0%| F|  |TAMS 0x00000000ca200000, 0x00000000ca200000| Untracked 
|  23|0x00000000ca300000, 0x00000000ca300000, 0x00000000ca400000|  0%| F|  |TAMS 0x00000000ca300000, 0x00000000ca300000| Untracked 
|  24|0x00000000ca400000, 0x00000000ca400000, 0x00000000ca500000|  0%| F|  |TAMS 0x00000000ca400000, 0x00000000ca400000| Untracked 
|  25|0x00000000ca500000, 0x00000000ca500000, 0x00000000ca600000|  0%| F|  |TAMS 0x00000000ca500000, 0x00000000ca500000| Untracked 
|  26|0x00000000ca600000, 0x00000000ca600000, 0x00000000ca700000|  0%| F|  |TAMS 0x00000000ca600000, 0x00000000ca600000| Untracked 
|  27|0x00000000ca700000, 0x00000000ca700000, 0x00000000ca800000|  0%| F|  |TAMS 0x00000000ca700000, 0x00000000ca700000| Untracked 
|  28|0x00000000ca800000, 0x00000000ca800000, 0x00000000ca900000|  0%| F|  |TAMS 0x00000000ca800000, 0x00000000ca800000| Untracked 
|  29|0x00000000ca900000, 0x00000000ca900000, 0x00000000caa00000|  0%| F|  |TAMS 0x00000000ca900000, 0x00000000ca900000| Untracked 
|  30|0x00000000caa00000, 0x00000000caa00000, 0x00000000cab00000|  0%| F|  |TAMS 0x00000000caa00000, 0x00000000caa00000| Untracked 
|  31|0x00000000cab00000, 0x00000000cab00000, 0x00000000cac00000|  0%| F|  |TAMS 0x00000000cab00000, 0x00000000cab00000| Untracked 
|  32|0x00000000cac00000, 0x00000000cac00000, 0x00000000cad00000|  0%| F|  |TAMS 0x00000000cac00000, 0x00000000cac00000| Untracked 
|  33|0x00000000cad00000, 0x00000000cad00000, 0x00000000cae00000|  0%| F|  |TAMS 0x00000000cad00000, 0x00000000cad00000| Untracked 
|  34|0x00000000cae00000, 0x00000000cae00000, 0x00000000caf00000|  0%| F|  |TAMS 0x00000000cae00000, 0x00000000cae00000| Untracked 
|  35|0x00000000caf00000, 0x00000000caf00000, 0x00000000cb000000|  0%| F|  |TAMS 0x00000000caf00000, 0x00000000caf00000| Untracked 
|  36|0x00000000cb000000, 0x00000000cb000000, 0x00000000cb100000|  0%| F|  |TAMS 0x00000000cb000000, 0x00000000cb000000| Untracked 
|  37|0x00000000cb100000, 0x00000000cb100000, 0x00000000cb200000|  0%| F|  |TAMS 0x00000000cb100000, 0x00000000cb100000| Untracked 
|  38|0x00000000cb200000, 0x00000000cb200000, 0x00000000cb300000|  0%| F|  |TAMS 0x00000000cb200000, 0x00000000cb200000| Untracked 
|  39|0x00000000cb300000, 0x00000000cb300000, 0x00000000cb400000|  0%| F|  |TAMS 0x00000000cb300000, 0x00000000cb300000| Untracked 
|  40|0x00000000cb400000, 0x00000000cb400000, 0x00000000cb500000|  0%| F|  |TAMS 0x00000000cb400000, 0x00000000cb400000| Untracked 
|  41|0x00000000cb500000, 0x00000000cb600000, 0x00000000cb600000|100%| S|CS|TAMS 0x00000000cb500000, 0x00000000cb500000| Complete 
|  42|0x00000000cb600000, 0x00000000cb700000, 0x00000000cb700000|100%| S|CS|TAMS 0x00000000cb600000, 0x00000000cb600000| Complete 
|  43|0x00000000cb700000, 0x00000000cb700000, 0x00000000cb800000|  0%| F|  |TAMS 0x00000000cb700000, 0x00000000cb700000| Untracked 
|  44|0x00000000cb800000, 0x00000000cb800000, 0x00000000cb900000|  0%| F|  |TAMS 0x00000000cb800000, 0x00000000cb800000| Untracked 
|  45|0x00000000cb900000, 0x00000000cb900000, 0x00000000cba00000|  0%| F|  |TAMS 0x00000000cb900000, 0x00000000cb900000| Untracked 
|  46|0x00000000cba00000, 0x00000000cba00000, 0x00000000cbb00000|  0%| F|  |TAMS 0x00000000cba00000, 0x00000000cba00000| Untracked 
|  47|0x00000000cbb00000, 0x00000000cbb00000, 0x00000000cbc00000|  0%| F|  |TAMS 0x00000000cbb00000, 0x00000000cbb00000| Untracked 
|  48|0x00000000cbc00000, 0x00000000cbc00000, 0x00000000cbd00000|  0%| F|  |TAMS 0x00000000cbc00000, 0x00000000cbc00000| Untracked 
|  49|0x00000000cbd00000, 0x00000000cbd00000, 0x00000000cbe00000|  0%| F|  |TAMS 0x00000000cbd00000, 0x00000000cbd00000| Untracked 
|  50|0x00000000cbe00000, 0x00000000cbe00000, 0x00000000cbf00000|  0%| F|  |TAMS 0x00000000cbe00000, 0x00000000cbe00000| Untracked 
|  51|0x00000000cbf00000, 0x00000000cbf00000, 0x00000000cc000000|  0%| F|  |TAMS 0x00000000cbf00000, 0x00000000cbf00000| Untracked 
|  52|0x00000000cc000000, 0x00000000cc100000, 0x00000000cc100000|100%| E|  |TAMS 0x00000000cc000000, 0x00000000cc000000| Complete 
|  53|0x00000000cc100000, 0x00000000cc200000, 0x00000000cc200000|100%| E|CS|TAMS 0x00000000cc100000, 0x00000000cc100000| Complete 
|  54|0x00000000cc200000, 0x00000000cc300000, 0x00000000cc300000|100%| E|CS|TAMS 0x00000000cc200000, 0x00000000cc200000| Complete 
|  55|0x00000000cc300000, 0x00000000cc400000, 0x00000000cc400000|100%| E|CS|TAMS 0x00000000cc300000, 0x00000000cc300000| Complete 

Card table byte_map: [0x000001f9c2820000,0x000001f9c29e0000] _byte_map_base: 0x000001f9c21da000

Marking Bits (Prev, Next): (CMBitMap*) 0x000001f9a9f1dd80, (CMBitMap*) 0x000001f9a9f1ddc0
 Prev Bits: [0x000001f9c2ba0000, 0x000001f9c3970000)
 Next Bits: [0x000001f9c3970000, 0x000001f9c4740000)

Polling page: 0x000001f9a9e70000

Metaspace:

Usage:
  Non-class:      9.27 MB used.
      Class:      1.16 MB used.
       Both:     10.43 MB used.

Virtual space:
  Non-class space:       64.00 MB reserved,       9.38 MB ( 15%) committed,  1 nodes.
      Class space:        1.00 GB reserved,       1.25 MB ( <1%) committed,  1 nodes.
             Both:        1.06 GB reserved,      10.62 MB ( <1%) committed. 

Chunk freelists:
   Non-Class:  6.43 MB
       Class:  14.70 MB
        Both:  21.13 MB

MaxMetaspaceSize: unlimited
CompressedClassSpaceSize: 1.00 GB
Initial GC threshold: 21.00 MB
Current GC threshold: 21.00 MB
CDS: on
MetaspaceReclaimPolicy: balanced
 - commit_granule_bytes: 65536.
 - commit_granule_words: 8192.
 - virtual_space_node_default_size: 8388608.
 - enlarge_chunks_in_place: 1.
 - new_chunks_are_fully_committed: 0.
 - uncommit_free_chunks: 1.
 - use_allocation_guard: 0.
 - handle_deallocations: 1.


Internal statistics:

num_allocs_failed_limit: 0.
num_arena_births: 124.
num_arena_deaths: 0.
num_vsnodes_births: 2.
num_vsnodes_deaths: 0.
num_space_committed: 170.
num_space_uncommitted: 0.
num_chunks_returned_to_freelist: 0.
num_chunks_taken_from_freelist: 189.
num_chunk_merges: 0.
num_chunk_splits: 103.
num_chunks_enlarged: 38.
num_purges: 0.
num_inconsistent_stats: 0.

CodeHeap 'non-profiled nmethods': size=120000Kb used=664Kb max_used=664Kb free=119335Kb
 bounds [0x000001f9bab10000, 0x000001f9bad80000, 0x000001f9c2040000]
CodeHeap 'profiled nmethods': size=120000Kb used=4112Kb max_used=4112Kb free=115887Kb
 bounds [0x000001f9b3040000, 0x000001f9b3450000, 0x000001f9ba570000]
CodeHeap 'non-nmethods': size=5760Kb used=1296Kb max_used=1322Kb free=4464Kb
 bounds [0x000001f9ba570000, 0x000001f9ba7e0000, 0x000001f9bab10000]
 total_blobs=2798 nmethods=2171 adapters=538
 compilation: enabled
              stopped_count=0, restarted_count=0
 full_count=0

Compilation events (20 events):
Event: 143.773 Thread 0x000001f9c6c5cfa0 nmethod 2104 0x000001f9b3419990 code [0x000001f9b3419b40, 0x000001f9b3419cc8]
Event: 143.774 Thread 0x000001f9c6c5cfa0 2105       3       javax.swing.JTextField::isValidateRoot (16 bytes)
Event: 143.775 Thread 0x000001f9c6c5cfa0 nmethod 2105 0x000001f9b3419d90 code [0x000001f9b3419f60, 0x000001f9b341a5b8]
Event: 143.775 Thread 0x000001f9c6c5cfa0 2106       3       javax.swing.text.GapContent::findMarkAdjustIndex (68 bytes)
Event: 143.775 Thread 0x000001f9c6c5cfa0 nmethod 2106 0x000001f9b341a710 code [0x000001f9b341a8e0, 0x000001f9b341ac78]
Event: 143.776 Thread 0x000001f9c6c5cfa0 2107       3       sun.awt.NullComponentPeer::setBackground (1 bytes)
Event: 143.776 Thread 0x000001f9c6c5cfa0 nmethod 2107 0x000001f9b341ae90 code [0x000001f9b341b020, 0x000001f9b341b138]
Event: 143.780 Thread 0x000001f9c6c5cfa0 2108       3       javax.swing.plaf.basic.BasicComboBoxRenderer::getListCellRendererComponent (85 bytes)
Event: 143.781 Thread 0x000001f9c6c5cfa0 nmethod 2108 0x000001f9b341b210 code [0x000001f9b341b500, 0x000001f9b341cbf8]
Event: 143.781 Thread 0x000001f9c6c5cfa0 2109       3       sun.awt.NullComponentPeer::setFont (1 bytes)
Event: 143.781 Thread 0x000001f9c6c5cfa0 nmethod 2109 0x000001f9b341d110 code [0x000001f9b341d2a0, 0x000001f9b341d3b8]
Event: 143.781 Thread 0x000001f9c6c5cfa0 2110       3       javax.swing.LookAndFeel::installColorsAndFont (34 bytes)
Event: 143.782 Thread 0x000001f9c6c5cfa0 nmethod 2110 0x000001f9b341d490 code [0x000001f9b341d6e0, 0x000001f9b341e118]
Event: 143.782 Thread 0x000001f9c6c5cfa0 2111       3       javax.swing.JComponent::setBorder (61 bytes)
Event: 143.783 Thread 0x000001f9c6c5cfa0 nmethod 2111 0x000001f9b341e410 code [0x000001f9b341e620, 0x000001f9b341edb8]
Event: 143.783 Thread 0x000001f9c6c5cfa0 2112       3       javax.swing.plaf.basic.BasicTextFieldUI::create (87 bytes)
Event: 143.784 Thread 0x000001f9c6c5cfa0 nmethod 2112 0x000001f9b341ef90 code [0x000001f9b341f240, 0x000001f9b3420078]
Event: 143.784 Thread 0x000001f9c6c5cfa0 2113  s!   3       java.awt.Component::setDropTarget (113 bytes)
Event: 143.784 Thread 0x000001f9c6c5cfa0 nmethod 2113 0x000001f9b3420490 code [0x000001f9b34206c0, 0x000001f9b3421198]
Event: 143.784 Thread 0x000001f9c6c5cfa0 2114       3       javax.swing.JComponent::getActionMap (6 bytes)

GC Heap History (2 events):
Event: 143.153 GC heap before
{Heap before GC invocations=0 (full 0):
 garbage-first heap   total 57344K, used 14336K [0x00000000c8c00000, 0x0000000100000000)
  region size 1024K, 13 young (13312K), 0 survivors (0K)
 Metaspace       used 10409K, committed 10624K, reserved 1114112K
  class space    used 1183K, committed 1280K, reserved 1048576K
}
Event: 143.159 GC heap after
{Heap after GC invocations=1 (full 0):
 garbage-first heap   total 57344K, used 3988K [0x00000000c8c00000, 0x0000000100000000)
  region size 1024K, 2 young (2048K), 2 survivors (2048K)
 Metaspace       used 10409K, committed 10624K, reserved 1114112K
  class space    used 1183K, committed 1280K, reserved 1048576K
}

Deoptimization events (20 events):
Event: 141.060 Thread 0x000001fa0c19e600 Uncommon trap: trap_request=0xffffffde fr.pc=0x000001f9bab7cb0c relative=0x000000000000530c
Event: 141.060 Thread 0x000001fa0c19e600 Uncommon trap: reason=class_check action=maybe_recompile pc=0x000001f9bab7cb0c method=java.awt.EventQueue.coalesceEvent(Ljava/awt/AWTEvent;I)Z @ 77 c2
Event: 141.060 Thread 0x000001fa0c19e600 DEOPT PACKING pc=0x000001f9bab7cb0c sp=0x000000d2bc4ff260
Event: 141.060 Thread 0x000001fa0c19e600 DEOPT UNPACKING pc=0x000001f9ba5c23a3 sp=0x000000d2bc4ff0c0 mode 2
Event: 141.100 Thread 0x000001fa0c19e600 Uncommon trap: trap_request=0xffffffde fr.pc=0x000001f9bab7cb0c relative=0x000000000000530c
Event: 141.100 Thread 0x000001fa0c19e600 Uncommon trap: reason=class_check action=maybe_recompile pc=0x000001f9bab7cb0c method=java.awt.EventQueue.coalesceEvent(Ljava/awt/AWTEvent;I)Z @ 77 c2
Event: 141.100 Thread 0x000001fa0c19e600 DEOPT PACKING pc=0x000001f9bab7cb0c sp=0x000000d2bc4ff260
Event: 141.100 Thread 0x000001fa0c19e600 DEOPT UNPACKING pc=0x000001f9ba5c23a3 sp=0x000000d2bc4ff0c0 mode 2
Event: 142.930 Thread 0x000001fa0c19e600 Uncommon trap: trap_request=0xffffff45 fr.pc=0x000001f9bab964a8 relative=0x0000000000003c28
Event: 142.931 Thread 0x000001fa0c19e600 Uncommon trap: reason=unstable_if action=reinterpret pc=0x000001f9bab964a8 method=java.awt.EventQueue.getPriority(Ljava/awt/AWTEvent;)I @ 4 c2
Event: 142.931 Thread 0x000001fa0c19e600 DEOPT PACKING pc=0x000001f9bab964a8 sp=0x000000d2bc4fdf70
Event: 142.931 Thread 0x000001fa0c19e600 DEOPT UNPACKING pc=0x000001f9ba5c23a3 sp=0x000000d2bc4fde58 mode 2
Event: 142.931 Thread 0x000001fa0c19e600 Uncommon trap: trap_request=0xffffff45 fr.pc=0x000001f9bab816f8 relative=0x0000000000000058
Event: 142.931 Thread 0x000001fa0c19e600 Uncommon trap: reason=unstable_if action=reinterpret pc=0x000001f9bab816f8 method=java.awt.EventQueue.eventToCacheIndex(Ljava/awt/AWTEvent;)I @ 71 c2
Event: 142.931 Thread 0x000001fa0c19e600 DEOPT PACKING pc=0x000001f9bab816f8 sp=0x000000d2bc4fdd90
Event: 142.931 Thread 0x000001fa0c19e600 DEOPT UNPACKING pc=0x000001f9ba5c23a3 sp=0x000000d2bc4fdd28 mode 2
Event: 143.160 Thread 0x000001fa0c19e600 Uncommon trap: trap_request=0xffffff45 fr.pc=0x000001f9bab882d8 relative=0x00000000000000d8
Event: 143.160 Thread 0x000001fa0c19e600 Uncommon trap: reason=unstable_if action=reinterpret pc=0x000001f9bab882d8 method=java.lang.ref.SoftReference.get()Ljava/lang/Object; @ 17 c2
Event: 143.160 Thread 0x000001fa0c19e600 DEOPT PACKING pc=0x000001f9bab882d8 sp=0x000000d2bc4fdcf0
Event: 143.160 Thread 0x000001fa0c19e600 DEOPT UNPACKING pc=0x000001f9ba5c23a3 sp=0x000000d2bc4fdca0 mode 2

Classes unloaded (0 events):
No events

Classes redefined (0 events):
No events

Internal exceptions (17 events):
Event: 0.292 Thread 0x000001fa0c05cad0 Exception <a 'java/lang/NoSuchMethodError'{0x00000000cc2cca68}: 'java.lang.Object java.lang.invoke.DirectMethodHandle$Holder.invokeStaticInit(java.lang.Object)'> (0x00000000cc2cca68) 
thrown [s\open\src\hotspot\share\interpreter\linkResolver.cpp, line 759]
Event: 0.496 Thread 0x000001fa0c05cad0 Exception <a 'java/lang/NoSuchMethodError'{0x00000000cc2da7a8}: 'void java.lang.invoke.DirectMethodHandle$Holder.invokeStatic(java.lang.Object, java.lang.Object)'> (0x00000000cc2da7a8) 
thrown [s\open\src\hotspot\share\interpreter\linkResolver.cpp, line 759]
Event: 0.572 Thread 0x000001f9a9ee3980 Exception <a 'java/lang/ClassNotFoundException'{0x00000000cc119420}: sun/awt/resources/spi/awtProvider> (0x00000000cc119420) 
thrown [s\open\src\hotspot\share\classfile\systemDictionary.cpp, line 256]
Event: 0.603 Thread 0x000001f9a9ee3980 Exception <a 'java/io/FileNotFoundException'{0x00000000cc16b9a8}> (0x00000000cc16b9a8) 
thrown [s\open\src\hotspot\share\prims\jni.cpp, line 516]
Event: 0.613 Thread 0x000001f9a9ee3980 Exception <a 'java/io/FileNotFoundException'{0x00000000cc198af0}> (0x00000000cc198af0) 
thrown [s\open\src\hotspot\share\prims\jni.cpp, line 516]
Event: 1.818 Thread 0x000001f9a9ee3980 Exception <a 'java/lang/NoSuchMethodError'{0x00000000cc0657e0}: 'void java.lang.invoke.DirectMethodHandle$Holder.invokeSpecial(java.lang.Object, java.lang.Object, java.lang.Object)'> (0x00000000cc0657e0) 
thrown [s\open\src\hotspot\share\interpreter\linkResolver.cpp, line 759]
Event: 1.895 Thread 0x000001f9a9ee3980 Exception <a 'java/lang/NoSuchMethodError'{0x00000000cc08fcd8}: 'java.lang.Object java.lang.invoke.DirectMethodHandle$Holder.newInvokeSpecial(java.lang.Object, java.lang.Object, java.lang.Object, java.lang.Object, java.lang.Object)'> (0x00000000cc08fcd8) 
thrown [s\open\src\hotspot\share\interpreter\linkResolver.cpp, line 759]
Event: 1.898 Thread 0x000001f9a9ee3980 Exception <a 'java/lang/NoSuchMethodError'{0x00000000cc09b6a0}: 'java.lang.Object java.lang.invoke.DirectMethodHandle$Holder.invokeStatic(java.lang.Object, int, java.lang.Object, java.lang.Object, java.lang.Object, java.lang.Object)'> (0x00000000cc09b6a0) 
thrown [s\open\src\hotspot\share\interpreter\linkResolver.cpp, line 759]
Event: 1.923 Thread 0x000001f9a9ee3980 Exception <a 'java/lang/NoSuchMethodError'{0x00000000cc0c0e60}: 'java.lang.Object java.lang.invoke.DirectMethodHandle$Holder.invokeStatic(java.lang.Object, int, java.lang.Object)'> (0x00000000cc0c0e60) 
thrown [s\open\src\hotspot\share\interpreter\linkResolver.cpp, line 759]
Event: 2.000 Thread 0x000001f9a9ee3980 Exception <a 'java/lang/ClassNotFoundException'{0x00000000cbf78eb0}: com/sun/swing/internal/plaf/metal/resources/spi/metalProvider> (0x00000000cbf78eb0) 
thrown [s\open\src\hotspot\share\classfile\systemDictionary.cpp, line 256]
Event: 2.025 Thread 0x000001f9a9ee3980 Exception <a 'java/lang/ClassNotFoundException'{0x00000000cbf7cd08}: com/sun/swing/internal/plaf/basic/resources/spi/basicProvider> (0x00000000cbf7cd08) 
thrown [s\open\src\hotspot\share\classfile\systemDictionary.cpp, line 256]
Event: 3.337 Thread 0x000001fa0c19f9f0 Exception <a 'java/lang/NoSuchMethodError'{0x00000000cc00f780}: 'void java.lang.invoke.DirectMethodHandle$Holder.invokeVirtual(java.lang.Object, java.lang.Object)'> (0x00000000cc00f780) 
thrown [s\open\src\hotspot\share\interpreter\linkResolver.cpp, line 759]
Event: 3.424 Thread 0x000001f9a9ee3980 Exception <a 'java/lang/NoSuchMethodError'{0x00000000cbdec348}: 'void java.lang.invoke.DirectMethodHandle$Holder.invokeStaticInit(java.lang.Object)'> (0x00000000cbdec348) 
thrown [s\open\src\hotspot\share\interpreter\linkResolver.cpp, line 759]
Event: 134.417 Thread 0x000001fa0c19e600 Implicit null exception at 0x000001f9bab70358 to 0x000001f9bab70572
Event: 134.418 Thread 0x000001fa0c19e600 Implicit null exception at 0x000001f9bab69898 to 0x000001f9bab699bd
Event: 134.418 Thread 0x000001fa0c334650 Implicit null exception at 0x000001f9bab68c2c to 0x000001f9bab68cca
Event: 142.909 Thread 0x000001fa0c19e600 Exception <a 'java/lang/NoSuchMethodError'{0x00000000cb798da8}: 'void java.lang.invoke.DirectMethodHandle$Holder.invokeStatic(java.lang.Object, java.lang.Object, java.lang.Object)'> (0x00000000cb798da8) 
thrown [s\open\src\hotspot\share\interpreter\linkResolver.cpp, line 759]

VM Operations (20 events):
Event: 134.125 Executing VM operation: Cleanup
Event: 134.125 Executing VM operation: Cleanup done
Event: 135.126 Executing VM operation: Cleanup
Event: 135.126 Executing VM operation: Cleanup done
Event: 136.127 Executing VM operation: Cleanup
Event: 136.127 Executing VM operation: Cleanup done
Event: 137.141 Executing VM operation: Cleanup
Event: 137.141 Executing VM operation: Cleanup done
Event: 139.170 Executing VM operation: Cleanup
Event: 139.170 Executing VM operation: Cleanup done
Event: 140.172 Executing VM operation: Cleanup
Event: 140.172 Executing VM operation: Cleanup done
Event: 141.175 Executing VM operation: Cleanup
Event: 141.175 Executing VM operation: Cleanup done
Event: 142.189 Executing VM operation: Cleanup
Event: 142.189 Executing VM operation: Cleanup done
Event: 142.925 Executing VM operation: HandshakeAllThreads
Event: 142.926 Executing VM operation: HandshakeAllThreads done
Event: 143.135 Executing VM operation: G1CollectForAllocation
Event: 143.159 Executing VM operation: G1CollectForAllocation done

Events (20 events):
Event: 142.864 loading class javax/swing/text/AbstractDocument$DefaultDocumentEventUndoableWrapper
Event: 142.864 loading class sun/swing/text/UndoableEditLockSupport
Event: 142.876 loading class sun/swing/text/UndoableEditLockSupport done
Event: 142.876 loading class javax/swing/text/AbstractDocument$DefaultDocumentEventUndoableWrapper done
Event: 142.876 loading class javax/swing/event/UndoableEditListener
Event: 142.876 loading class javax/swing/event/UndoableEditListener done
Event: 142.876 loading class java/awt/event/ItemEvent
Event: 142.876 loading class java/awt/event/ItemEvent done
Event: 142.893 loading class javax/swing/BorderFactory
Event: 142.902 loading class javax/swing/BorderFactory done
Event: 142.902 loading class javax/swing/border/BevelBorder
Event: 142.907 loading class javax/swing/border/BevelBorder done
Event: 142.907 loading class javax/swing/border/EtchedBorder
Event: 142.908 loading class javax/swing/border/EtchedBorder done
Event: 142.908 loading class javax/swing/border/TitledBorder
Event: 142.908 loading class javax/swing/border/TitledBorder done
Event: 142.910 loading class javax/swing/event/SwingPropertyChangeSupport
Event: 142.910 loading class javax/swing/event/SwingPropertyChangeSupport done
Event: 143.095 loading class jdk/internal/math/FDBigInteger
Event: 143.103 loading class jdk/internal/math/FDBigInteger done


Dynamic libraries:
0x00007ff67a660000 - 0x00007ff67a670000 	C:\Program Files\Java\jdk-17\bin\java.exe
0x00007ff8f5f30000 - 0x00007ff8f6128000 	C:\WINDOWS\SYSTEM32\ntdll.dll
0x00007ff8f5c80000 - 0x00007ff8f5d3f000 	C:\WINDOWS\System32\KERNEL32.DLL
0x00007ff8f39a0000 - 0x00007ff8f3c96000 	C:\WINDOWS\System32\KERNELBASE.dll
0x00007ff8f3ee0000 - 0x00007ff8f3fe0000 	C:\WINDOWS\System32\ucrtbase.dll
0x00007ff8d10f0000 - 0x00007ff8d1109000 	C:\Program Files\Java\jdk-17\bin\jli.dll
0x00007ff8d0e90000 - 0x00007ff8d0eab000 	C:\Program Files\Java\jdk-17\bin\VCRUNTIME140.dll
0x00007ff8f5070000 - 0x00007ff8f511f000 	C:\WINDOWS\System32\ADVAPI32.dll
0x00007ff8f5120000 - 0x00007ff8f51be000 	C:\WINDOWS\System32\msvcrt.dll
0x00007ff8f59c0000 - 0x00007ff8f5a5c000 	C:\WINDOWS\System32\sechost.dll
0x00007ff8f4ea0000 - 0x00007ff8f4fc6000 	C:\WINDOWS\System32\RPCRT4.dll
0x00007ff8f5d50000 - 0x00007ff8f5eed000 	C:\WINDOWS\System32\USER32.dll
0x00007ff8d1350000 - 0x00007ff8d15ea000 	C:\WINDOWS\WinSxS\amd64_microsoft.windows.common-controls_6595b64144ccf1df_6.0.19041.1110_none_60b5254171f9507e\COMCTL32.dll
0x00007ff8f3750000 - 0x00007ff8f3772000 	C:\WINDOWS\System32\win32u.dll
0x00007ff8f5990000 - 0x00007ff8f59bc000 	C:\WINDOWS\System32\GDI32.dll
0x00007ff8f3d10000 - 0x00007ff8f3e25000 	C:\WINDOWS\System32\gdi32full.dll
0x00007ff8f3fe0000 - 0x00007ff8f407d000 	C:\WINDOWS\System32\msvcp_win.dll
0x00007ff8eaef0000 - 0x00007ff8eaefa000 	C:\WINDOWS\SYSTEM32\VERSION.dll
0x00007ff8f4fd0000 - 0x00007ff8f5000000 	C:\WINDOWS\System32\IMM32.DLL
0x00007ff8dda80000 - 0x00007ff8dda8c000 	C:\Program Files\Java\jdk-17\bin\vcruntime140_1.dll
0x00007ff8c9000000 - 0x00007ff8c908e000 	C:\Program Files\Java\jdk-17\bin\msvcp140.dll
0x00007ff8b0490000 - 0x00007ff8b106e000 	C:\Program Files\Java\jdk-17\bin\server\jvm.dll
0x00007ff8f5d40000 - 0x00007ff8f5d48000 	C:\WINDOWS\System32\PSAPI.DLL
0x00007ff8eaec0000 - 0x00007ff8eaee7000 	C:\WINDOWS\SYSTEM32\WINMM.dll
0x00007ff8d41b0000 - 0x00007ff8d41b9000 	C:\WINDOWS\SYSTEM32\WSOCK32.dll
0x00007ff8f5220000 - 0x00007ff8f528b000 	C:\WINDOWS\System32\WS2_32.dll
0x00007ff8f15c0000 - 0x00007ff8f15d2000 	C:\WINDOWS\SYSTEM32\kernel.appcore.dll
0x00007ff8dd6f0000 - 0x00007ff8dd6fa000 	C:\Program Files\Java\jdk-17\bin\jimage.dll
0x000000006cd20000 - 0x000000006ceb6000 	C:\Program Files\Microsoft SQL Server\120\Shared\DBGHELP.DLL
0x00007ff8d0e80000 - 0x00007ff8d0e8e000 	C:\Program Files\Java\jdk-17\bin\instrument.dll
0x00007ff8d0e40000 - 0x00007ff8d0e65000 	C:\Program Files\Java\jdk-17\bin\java.dll
0x00007ff8c75e0000 - 0x00007ff8c76b7000 	C:\Program Files\Java\jdk-17\bin\jsvml.dll
0x00007ff8f4080000 - 0x00007ff8f47c4000 	C:\WINDOWS\System32\SHELL32.dll
0x00007ff8f17c0000 - 0x00007ff8f1f53000 	C:\WINDOWS\SYSTEM32\windows.storage.dll
0x00007ff8f53b0000 - 0x00007ff8f5704000 	C:\WINDOWS\System32\combase.dll
0x00007ff8f3080000 - 0x00007ff8f30ae000 	C:\WINDOWS\SYSTEM32\Wldp.dll
0x00007ff8f5a60000 - 0x00007ff8f5b0d000 	C:\WINDOWS\System32\SHCORE.dll
0x00007ff8f4e40000 - 0x00007ff8f4e95000 	C:\WINDOWS\System32\shlwapi.dll
0x00007ff8f3640000 - 0x00007ff8f365f000 	C:\WINDOWS\SYSTEM32\profapi.dll
0x00007ff8cfe40000 - 0x00007ff8cfe58000 	C:\Program Files\Java\jdk-17\bin\zip.dll
0x00007ff8d0310000 - 0x00007ff8d0329000 	C:\Program Files\Java\jdk-17\bin\net.dll
0x00007ff8ec230000 - 0x00007ff8ec33a000 	C:\WINDOWS\SYSTEM32\WINHTTP.dll
0x00007ff8f2de0000 - 0x00007ff8f2e4a000 	C:\WINDOWS\system32\mswsock.dll
0x00007ff8d02f0000 - 0x00007ff8d0306000 	C:\Program Files\Java\jdk-17\bin\nio.dll
0x00007ff8cfd50000 - 0x00007ff8cfd6a000 	C:\Program Files\JetBrains\IntelliJ IDEA 2022.1\bin\breakgen64.dll
0x00007ff8c6ee0000 - 0x00007ff8c7071000 	C:\Program Files\Java\jdk-17\bin\awt.dll
0x00007ff8f4d70000 - 0x00007ff8f4e3d000 	C:\WINDOWS\System32\OLEAUT32.dll
0x00007ff8f0fe0000 - 0x00007ff8f1071000 	C:\WINDOWS\SYSTEM32\apphelp.dll
0x00007ff8f14b0000 - 0x00007ff8f14df000 	C:\WINDOWS\system32\DWMAPI.DLL
0x00007ff8f10f0000 - 0x00007ff8f118e000 	C:\WINDOWS\system32\uxtheme.dll
0x00007ff8b3f50000 - 0x00007ff8b4075000 	C:\WINDOWS\system32\opengl32.dll
0x00007ff8b8190000 - 0x00007ff8b81bc000 	C:\WINDOWS\SYSTEM32\GLU32.dll
0x00007ff8f5290000 - 0x00007ff8f53a4000 	C:\WINDOWS\System32\MSCTF.dll
0x00007ff8f4c40000 - 0x00007ff8f4d6a000 	C:\WINDOWS\System32\ole32.dll
0x00007ff8f3910000 - 0x00007ff8f3992000 	C:\WINDOWS\System32\bcryptPrimitives.dll
0x00007ff8c7380000 - 0x00007ff8c7406000 	C:\Program Files\Java\jdk-17\bin\freetype.dll
0x00007ff8c6e00000 - 0x00007ff8c6ed3000 	C:\Program Files\Java\jdk-17\bin\fontmanager.dll
0x00007ff8e8090000 - 0x00007ff8e818a000 	C:\WINDOWS\SYSTEM32\textinputframework.dll
0x00007ff8f0440000 - 0x00007ff8f079e000 	C:\WINDOWS\System32\CoreUIComponents.dll
0x00007ff8f0b70000 - 0x00007ff8f0c62000 	C:\WINDOWS\System32\CoreMessaging.dll
0x00007ff8f2820000 - 0x00007ff8f2853000 	C:\WINDOWS\SYSTEM32\ntmarta.dll
0x00007ff8ef260000 - 0x00007ff8ef3b4000 	C:\WINDOWS\SYSTEM32\wintypes.dll
0x00007ff8f5710000 - 0x00007ff8f57b9000 	C:\WINDOWS\System32\clbcatq.dll
0x00007ff8ebfc0000 - 0x00007ff8ec174000 	C:\WINDOWS\SYSTEM32\WindowsCodecs.dll
0x00007ff8f38e0000 - 0x00007ff8f3907000 	C:\WINDOWS\System32\bcrypt.dll
0x00007ff8cc250000 - 0x00007ff8cc28e000 	C:\WINDOWS\system32\dataexchange.dll
0x00007ff8efb90000 - 0x00007ff8efd73000 	C:\WINDOWS\system32\dcomp.dll
0x00007ff8ef920000 - 0x00007ff8efb83000 	C:\WINDOWS\system32\d3d11.dll
0x00007ff8f1fc0000 - 0x00007ff8f20b3000 	C:\WINDOWS\system32\dxgi.dll
0x00007ff8ec640000 - 0x00007ff8ec840000 	C:\WINDOWS\system32\twinapi.appcore.dll
0x00007ff8d3820000 - 0x00007ff8d38cc000 	C:\WINDOWS\SYSTEM32\TextShaping.dll

dbghelp: loaded successfully - version: 4.0.5 - missing functions: none
symbol engine: initialized successfully - sym options: 0x614 - pdb path: .;C:\Program Files\Java\jdk-17\bin;C:\WINDOWS\SYSTEM32;C:\WINDOWS\WinSxS\amd64_microsoft.windows.common-controls_6595b64144ccf1df_6.0.19041.1110_none_60b5254171f9507e;C:\Program Files\Java\jdk-17\bin\server;C:\Program Files\Microsoft SQL Server\120\Shared;C:\Program Files\JetBrains\IntelliJ IDEA 2022.1\bin

VM Arguments:
jvm_args: -javaagent:C:\Program Files\JetBrains\IntelliJ IDEA 2022.1\lib\idea_rt.jar=49946:C:\Program Files\JetBrains\IntelliJ IDEA 2022.1\bin -Dfile.encoding=UTF-8 
java_command: Main
java_class_path (initial): C:\Users\junior\reverso\out\production\reverso
Launcher Type: SUN_STANDARD

[Global flags]
     intx CICompilerCount                          = 3                                         {product} {ergonomic}
     uint ConcGCThreads                            = 1                                         {product} {ergonomic}
     uint G1ConcRefinementThreads                  = 4                                         {product} {ergonomic}
   size_t G1HeapRegionSize                         = 1048576                                   {product} {ergonomic}
    uintx GCDrainStackTargetSize                   = 64                                        {product} {ergonomic}
   size_t InitialHeapSize                          = 58720256                                  {product} {ergonomic}
   size_t MarkStackSize                            = 4194304                                   {product} {ergonomic}
   size_t MaxHeapSize                              = 926941184                                 {product} {ergonomic}
   size_t MaxNewSize                               = 555745280                                 {product} {ergonomic}
   size_t MinHeapDeltaBytes                        = 1048576                                   {product} {ergonomic}
   size_t MinHeapSize                              = 8388608                                   {product} {ergonomic}
    uintx NonNMethodCodeHeapSize                   = 5832780                                {pd product} {ergonomic}
    uintx NonProfiledCodeHeapSize                  = 122912730                              {pd product} {ergonomic}
    uintx ProfiledCodeHeapSize                     = 122912730                              {pd product} {ergonomic}
    uintx ReservedCodeCacheSize                    = 251658240                              {pd product} {ergonomic}
     bool SegmentedCodeCache                       = true                                      {product} {ergonomic}
   size_t SoftMaxHeapSize                          = 926941184                              {manageable} {ergonomic}
     bool UseCompressedClassPointers               = true                           {product lp64_product} {ergonomic}
     bool UseCompressedOops                        = true                           {product lp64_product} {ergonomic}
     bool UseG1GC                                  = true                                      {product} {ergonomic}
     bool UseLargePagesIndividualAllocation        = false                                  {pd product} {ergonomic}

Logging:
Log output configuration:
 #0: stdout all=warning uptime,level,tags
 #1: stderr all=off uptime,level,tags

Environment Variables:
PATH=C:\Program Files\Common Files\Oracle\Java\javapath;C:\Program Files (x86)\Intel\iCLS Client\;C:\Program Files\Intel\iCLS Client\;C:\WINDOWS\system32;C:\WINDOWS;C:\WINDOWS\System32\Wbem;C:\WINDOWS\System32\WindowsPowerShell\v1.0\;C:\Program Files\Intel\Intel(R) Management Engine Components\DAL;C:\Program Files\Intel\Intel(R) Management Engine Components\IPT;C:\Program Files (x86)\Intel\Intel(R) Management Engine Components\DAL;C:\Program Files (x86)\Intel\Intel(R) Management Engine Components\IPT;C:\WINDOWS\System32\OpenSSH\;C:\Program Files\nodejs\;C:\Program Files\Microsoft SQL Server\Client SDK\ODBC\110\Tools\Binn\;C:\Program Files (x86)\Microsoft SQL Server\120\Tools\Binn\;C:\Program Files\Microsoft SQL Server\120\Tools\Binn\;C:\Program Files\Microsoft SQL Server\120\DTS\Binn\;C:\Program Files (x86)\Windows Kits\8.1\Windows Performance Toolkit\;C:\Program Files\MySQL\MySQL Shell 8.0\bin\;C:\Users\junior\AppData\Local\Microsoft\WindowsApps;;C:\Program Files\JetBrains\IntelliJ IDEA 2022.1\bin;;C:\Users\junior\AppData\Local\Programs\Microsoft VS Code\bin;C:\Users\junior\AppData\Roaming\npm
USERNAME=junior
OS=Windows_NT
PROCESSOR_IDENTIFIER=Intel64 Family 6 Model 69 Stepping 1, GenuineIntel



---------------  S Y S T E M  ---------------

OS:
 Windows 10 , 64 bit Build 19041 (10.0.19041.2913)
OS uptime: 0 days 6:23 hours

CPU: total 4 (initial active 4) (2 cores per cpu, 2 threads per core) family 6 model 69 stepping 1 microcode 0x25, cx8, cmov, fxsr, ht, mmx, sse, sse2, sse3, ssse3, sse4.1, sse4.2, popcnt, lzcnt, tsc, tscinvbit, avx, avx2, aes, erms, clmul, bmi1, bmi2, fma, vzeroupper, clflush

Memory: 4k page, system-wide physical 3531M (447M free)
TotalPageFile size 6031M (AvailPageFile size 0M)
current process WorkingSet (physical memory assigned to process): 91M, peak: 91M
current process commit charge ("private bytes"): 158M, peak: 158M

vm_info: Java HotSpot(TM) 64-Bit Server VM (17.0.8+9-LTS-211) for windows-amd64 JRE (17.0.8+9-LTS-211), built on Jun 14 2023 10:34:31 by "mach5one" with MS VC++ 17.1 (VS2022)

END.
